2023-12-06 21:20:19,893 [INFO] Activator:177 - 


2023-12-06 21:20:19,895 [INFO] Activator:178 - !SESSION log4j initialized
2023-12-06 21:21:26,841 [INFO] McuFinderGlobals:39 - Set McuFinder mode to 2 (CubeIDE integrated)
2023-12-06 21:21:27,155 [INFO] ApplicationProperties:181 - Using Application install path: C:\ST\STM32CubeIDE_1.7.0\STM32CubeIDE\plugins\com.st.stm32cube.common.mx_6.3.0.202107141111
2023-12-06 21:21:27,167 [INFO] DbMcusXml:74 - Set database path to: C:\ST\STM32CubeIDE_1.7.0\STM32CubeIDE\plugins\com.st.stm32cube.common.mx_6.3.0.202107141111\\db\/mcu/
2023-12-06 21:21:27,170 [INFO] DbBoardsPdsc:56 - Set plugin database path to: C:\ST\STM32CubeIDE_1.7.0\STM32CubeIDE\plugins\com.st.stm32cube.common.mx_6.3.0.202107141111\\db\/plugins/boardmanager/
2023-12-06 21:21:27,171 [INFO] DbMcus:258 - Set plugin images path to: C:\ST\STM32CubeIDE_1.7.0\STM32CubeIDE\plugins\com.st.stm32cube.common.mx_6.3.0.202107141111\\db\/plugins/mcufinder/images/
2023-12-06 21:21:27,171 [INFO] DbBoards:264 - Set plugin images path to: C:\ST\STM32CubeIDE_1.7.0\STM32CubeIDE\plugins\com.st.stm32cube.common.mx_6.3.0.202107141111\\db\/plugins/mcufinder/images/
2023-12-06 21:21:27,174 [INFO] DbExamples:333 - Set plugin images path to: C:\ST\STM32CubeIDE_1.7.0\STM32CubeIDE\plugins\com.st.stm32cube.common.mx_6.3.0.202107141111\\db\/plugins/mcufinder/images/
2023-12-06 21:21:27,183 [INFO] DbMcusAds:119 - Set database path to: C:\Users\Le HUy\.stmcufinder\plugins\mcufinder//mcu/
2023-12-06 21:21:27,184 [INFO] DbMcusDocs:110 - Set database path to: C:\Users\Le HUy\.stmcufinder\plugins\mcufinder//mcu/
2023-12-06 21:21:27,186 [INFO] DbMcusJson:64 - Set database path to: C:\Users\Le HUy\.stmcufinder\plugins\mcufinder//mcu/
2023-12-06 21:21:27,186 [INFO] DbBoardsDocs:110 - Set database path to: C:\Users\Le HUy\.stmcufinder\plugins\mcufinder//mcu/
2023-12-06 21:21:27,187 [INFO] DbBoardsJson:57 - Set database path to: C:\Users\Le HUy\.stmcufinder\plugins\mcufinder//mcu/
2023-12-06 21:21:27,197 [INFO] CrossReferenceDbSqlite:196 - Set database path to: C:\Users\Le HUy\.stmcufinder\plugins\mcufinder//mcu/cs/
2023-12-06 21:21:27,200 [INFO] DbExamplesSqlite:767 - Set database path to: C:\Users\Le HUy\.stmcufinder\plugins\mcufinder//mcu/
2023-12-06 21:21:27,287 [INFO] RulesReader:57 - Compatibility file has been processed (242 Rules)
2023-12-06 21:21:27,368 [INFO] DbMcusXml:74 - Set database path to: C:\ST\STM32CubeIDE_1.7.0\STM32CubeIDE\plugins\com.st.stm32cube.common.mx_6.3.0.202107141111\\db\/mcu/
2023-12-06 21:21:27,369 [INFO] DbBoardsPdsc:56 - Set plugin database path to: C:\ST\STM32CubeIDE_1.7.0\STM32CubeIDE\plugins\com.st.stm32cube.common.mx_6.3.0.202107141111\\db\/plugins/boardmanager/
2023-12-06 21:21:27,369 [INFO] DbMcus:258 - Set plugin images path to: C:\ST\STM32CubeIDE_1.7.0\STM32CubeIDE\plugins\com.st.stm32cube.common.mx_6.3.0.202107141111\\db\/plugins/mcufinder/images/
2023-12-06 21:21:27,369 [INFO] DbBoards:264 - Set plugin images path to: C:\ST\STM32CubeIDE_1.7.0\STM32CubeIDE\plugins\com.st.stm32cube.common.mx_6.3.0.202107141111\\db\/plugins/mcufinder/images/
2023-12-06 21:21:27,369 [INFO] DbExamples:333 - Set plugin images path to: C:\ST\STM32CubeIDE_1.7.0\STM32CubeIDE\plugins\com.st.stm32cube.common.mx_6.3.0.202107141111\\db\/plugins/mcufinder/images/
2023-12-06 21:21:27,370 [WARN] DbFile:35 - Overriding database path with different value: C:\Users\Le HUy\.stmcufinder\plugins\mcufinder/ => C:\Users\Le HUy\.stmcufinder\plugins\mcufinder
2023-12-06 21:21:27,370 [INFO] DbMcusAds:119 - Set database path to: C:\Users\Le HUy\.stmcufinder\plugins\mcufinder//mcu/
2023-12-06 21:21:27,370 [WARN] DbFile:35 - Overriding database path with different value: C:\Users\Le HUy\.stmcufinder\plugins\mcufinder/ => C:\Users\Le HUy\.stmcufinder\plugins\mcufinder
2023-12-06 21:21:27,370 [INFO] DbMcusDocs:110 - Set database path to: C:\Users\Le HUy\.stmcufinder\plugins\mcufinder//mcu/
2023-12-06 21:21:27,370 [WARN] DbFile:35 - Overriding database path with different value: C:\Users\Le HUy\.stmcufinder\plugins\mcufinder/ => C:\Users\Le HUy\.stmcufinder\plugins\mcufinder
2023-12-06 21:21:27,370 [INFO] DbMcusJson:64 - Set database path to: C:\Users\Le HUy\.stmcufinder\plugins\mcufinder//mcu/
2023-12-06 21:21:27,370 [WARN] DbFile:35 - Overriding database path with different value: C:\Users\Le HUy\.stmcufinder\plugins\mcufinder/ => C:\Users\Le HUy\.stmcufinder\plugins\mcufinder
2023-12-06 21:21:27,370 [INFO] DbBoardsDocs:110 - Set database path to: C:\Users\Le HUy\.stmcufinder\plugins\mcufinder//mcu/
2023-12-06 21:21:27,370 [WARN] DbFile:35 - Overriding database path with different value: C:\Users\Le HUy\.stmcufinder\plugins\mcufinder/ => C:\Users\Le HUy\.stmcufinder\plugins\mcufinder
2023-12-06 21:21:27,370 [INFO] DbBoardsJson:57 - Set database path to: C:\Users\Le HUy\.stmcufinder\plugins\mcufinder//mcu/
2023-12-06 21:21:27,371 [WARN] DbFile:35 - Overriding database path with different value: C:\Users\Le HUy\.stmcufinder\plugins\mcufinder/ => C:\Users\Le HUy\.stmcufinder\plugins\mcufinder
2023-12-06 21:21:27,371 [WARN] DbFile:35 - Overriding database path with different value: C:\Users\Le HUy\.stmcufinder\plugins\mcufinder/ => C:\Users\Le HUy\.stmcufinder\plugins\mcufinder
2023-12-06 21:21:27,371 [INFO] CrossReferenceDbSqlite:196 - Set database path to: C:\Users\Le HUy\.stmcufinder\plugins\mcufinder//mcu/cs/
2023-12-06 21:21:27,371 [WARN] DbFile:35 - Overriding database path with different value: C:\Users\Le HUy\.stmcufinder\plugins\mcufinder/ => C:\Users\Le HUy\.stmcufinder\plugins\mcufinder
2023-12-06 21:21:27,371 [INFO] DbExamplesSqlite:767 - Set database path to: C:\Users\Le HUy\.stmcufinder\plugins\mcufinder//mcu/
2023-12-06 21:21:27,431 [INFO] MainPanel:214 - HeapMemory: 353370112
2023-12-06 21:21:27,516 [INFO] DbMcusXml:74 - Set database path to: C:\ST\STM32CubeIDE_1.7.0\STM32CubeIDE\plugins\com.st.stm32cube.common.mx_6.3.0.202107141111\\db\/mcu/
2023-12-06 21:21:27,516 [INFO] DbBoardsPdsc:56 - Set plugin database path to: C:\ST\STM32CubeIDE_1.7.0\STM32CubeIDE\plugins\com.st.stm32cube.common.mx_6.3.0.202107141111\\db\/plugins/boardmanager/
2023-12-06 21:21:27,516 [INFO] DbMcus:258 - Set plugin images path to: C:\ST\STM32CubeIDE_1.7.0\STM32CubeIDE\plugins\com.st.stm32cube.common.mx_6.3.0.202107141111\\db\/plugins/mcufinder/images/
2023-12-06 21:21:27,516 [INFO] DbBoards:264 - Set plugin images path to: C:\ST\STM32CubeIDE_1.7.0\STM32CubeIDE\plugins\com.st.stm32cube.common.mx_6.3.0.202107141111\\db\/plugins/mcufinder/images/
2023-12-06 21:21:27,516 [INFO] DbExamples:333 - Set plugin images path to: C:\ST\STM32CubeIDE_1.7.0\STM32CubeIDE\plugins\com.st.stm32cube.common.mx_6.3.0.202107141111\\db\/plugins/mcufinder/images/
2023-12-06 21:21:27,517 [WARN] DbFile:35 - Overriding database path with different value: C:\Users\Le HUy\.stmcufinder\plugins\mcufinder/ => C:\Users\Le HUy\.stmcufinder\plugins\mcufinder
2023-12-06 21:21:27,517 [INFO] DbMcusAds:119 - Set database path to: C:\Users\Le HUy\.stmcufinder\plugins\mcufinder//mcu/
2023-12-06 21:21:27,517 [WARN] DbFile:35 - Overriding database path with different value: C:\Users\Le HUy\.stmcufinder\plugins\mcufinder/ => C:\Users\Le HUy\.stmcufinder\plugins\mcufinder
2023-12-06 21:21:27,517 [INFO] DbMcusDocs:110 - Set database path to: C:\Users\Le HUy\.stmcufinder\plugins\mcufinder//mcu/
2023-12-06 21:21:27,517 [WARN] DbFile:35 - Overriding database path with different value: C:\Users\Le HUy\.stmcufinder\plugins\mcufinder/ => C:\Users\Le HUy\.stmcufinder\plugins\mcufinder
2023-12-06 21:21:27,517 [INFO] DbMcusJson:64 - Set database path to: C:\Users\Le HUy\.stmcufinder\plugins\mcufinder//mcu/
2023-12-06 21:21:27,517 [WARN] DbFile:35 - Overriding database path with different value: C:\Users\Le HUy\.stmcufinder\plugins\mcufinder/ => C:\Users\Le HUy\.stmcufinder\plugins\mcufinder
2023-12-06 21:21:27,517 [INFO] DbBoardsDocs:110 - Set database path to: C:\Users\Le HUy\.stmcufinder\plugins\mcufinder//mcu/
2023-12-06 21:21:27,518 [WARN] DbFile:35 - Overriding database path with different value: C:\Users\Le HUy\.stmcufinder\plugins\mcufinder/ => C:\Users\Le HUy\.stmcufinder\plugins\mcufinder
2023-12-06 21:21:27,518 [INFO] DbBoardsJson:57 - Set database path to: C:\Users\Le HUy\.stmcufinder\plugins\mcufinder//mcu/
2023-12-06 21:21:27,518 [WARN] DbFile:35 - Overriding database path with different value: C:\Users\Le HUy\.stmcufinder\plugins\mcufinder/ => C:\Users\Le HUy\.stmcufinder\plugins\mcufinder
2023-12-06 21:21:27,518 [WARN] DbFile:35 - Overriding database path with different value: C:\Users\Le HUy\.stmcufinder\plugins\mcufinder/ => C:\Users\Le HUy\.stmcufinder\plugins\mcufinder
2023-12-06 21:21:27,518 [INFO] CrossReferenceDbSqlite:196 - Set database path to: C:\Users\Le HUy\.stmcufinder\plugins\mcufinder//mcu/cs/
2023-12-06 21:21:27,518 [WARN] DbFile:35 - Overriding database path with different value: C:\Users\Le HUy\.stmcufinder\plugins\mcufinder/ => C:\Users\Le HUy\.stmcufinder\plugins\mcufinder
2023-12-06 21:21:27,518 [INFO] DbExamplesSqlite:767 - Set database path to: C:\Users\Le HUy\.stmcufinder\plugins\mcufinder//mcu/
2023-12-06 21:21:27,534 [INFO] ApplicationProperties:181 - Using Application install path: C:\ST\STM32CubeIDE_1.7.0\STM32CubeIDE\plugins\com.st.stm32cube.common.mx_6.3.0.202107141111
2023-12-06 21:21:27,536 [INFO] PluginManage:188 - Search for loadable plugins [exclusion list=, ]
2023-12-06 21:21:27,537 [INFO] PluginManage:302 - Check plugin analytics
2023-12-06 21:21:32,217 [INFO] AnalyticsPlugin:257 - Accepted Software Licenses: 
2023-12-06 21:21:32,218 [INFO] AnalyticsPlugin:259 - Accepted CMSIS Pack Licenses: 
2023-12-06 21:21:32,218 [INFO] AnalyticsPlugin:261 - Accepted Firmware Licenses: 
2023-12-06 21:21:32,218 [INFO] PluginManage:352 - Loaded plugin analytics (category:tool,tabindex:-1)
2023-12-06 21:21:32,218 [INFO] PluginManage:302 - Check plugin clock
2023-12-06 21:21:32,236 [INFO] PluginManage:352 - Loaded plugin clock (category:base,tabindex:2)
2023-12-06 21:21:32,236 [INFO] PluginManage:302 - Check plugin ddr
2023-12-06 21:21:32,239 [INFO] PluginManage:352 - Loaded plugin ddr (category:tool,tabindex:6)
2023-12-06 21:21:32,239 [INFO] PluginManage:302 - Check plugin filemanager
2023-12-06 21:21:32,352 [INFO] PluginManage:352 - Loaded plugin filemanager (category:base,tabindex:10)
2023-12-06 21:21:32,353 [INFO] PluginManage:302 - Check plugin ipmanager
2023-12-06 21:21:32,360 [INFO] PluginManage:352 - Loaded plugin ipmanager (category:base,tabindex:5)
2023-12-06 21:21:32,360 [INFO] PluginManage:302 - Check plugin pinoutandconfiguration
2023-12-06 21:21:32,375 [INFO] PluginManage:352 - Loaded plugin pinoutandconfiguration (category:base,tabindex:1)
2023-12-06 21:21:32,376 [INFO] PluginManage:302 - Check plugin pinoutconfig
2023-12-06 21:21:32,416 [INFO] PluginManage:352 - Loaded plugin pinoutconfig (category:base,tabindex:0)
2023-12-06 21:21:32,416 [INFO] PluginManage:302 - Check plugin power
2023-12-06 21:21:32,436 [INFO] PluginManage:352 - Loaded plugin power (category:power,tabindex:4)
2023-12-06 21:21:32,436 [INFO] PluginManage:302 - Check plugin projectmanager
2023-12-06 21:21:32,451 [INFO] PluginManage:352 - Loaded plugin projectmanager (category:projectmanager,tabindex:3)
2023-12-06 21:21:32,451 [INFO] PluginManage:302 - Check plugin thirdparty
2023-12-06 21:21:32,657 [WARN] IntegrityCheckThread:78 - waiting for thirdparty lock release [integrity check]
2023-12-06 21:21:32,658 [INFO] IntegrityCheckThread:80 - entering critical section [integrity check]
2023-12-06 21:21:32,657 [INFO] PluginManage:352 - Loaded plugin thirdparty (category:base,tabindex:-1)
2023-12-06 21:21:32,658 [INFO] PluginManage:302 - Check plugin tools
2023-12-06 21:21:32,658 [INFO] ThirdPartyUpdaterWithRetryManager:66 - Updater plugin not ready yet. [1/15]
2023-12-06 21:21:32,711 [INFO] PluginManage:352 - Loaded plugin tools (category:base,tabindex:7)
2023-12-06 21:21:32,711 [INFO] PluginManage:302 - Check plugin tutovideos
2023-12-06 21:21:32,979 [INFO] PluginManage:352 - Loaded plugin tutovideos (category:base,tabindex:-1)
2023-12-06 21:21:32,979 [INFO] PluginManage:302 - Check plugin updater
2023-12-06 21:21:32,996 [INFO] PluginManage:352 - Loaded plugin updater (category:base,tabindex:12)
2023-12-06 21:21:32,997 [INFO] PluginManage:275 - PluginManage : Loaded plugins [13]
2023-12-06 21:21:33,164 [INFO] PinOutPanel:1463 - setPackage(No Configuration,No Configuration)
2023-12-06 21:21:33,250 [INFO] IPUIPlugin:74 - create IPUIPlugin
2023-12-06 21:21:33,250 [INFO] PluginManager:213 - loadIPPluginJar : add adc
2023-12-06 21:21:33,305 [INFO] IPUIPlugin:74 - create IPUIPlugin
2023-12-06 21:21:33,305 [INFO] PluginManager:213 - loadIPPluginJar : add aes
2023-12-06 21:21:33,349 [INFO] IPUIPlugin:74 - create IPUIPlugin
2023-12-06 21:21:33,349 [INFO] PluginManager:213 - loadIPPluginJar : add can
2023-12-06 21:21:33,377 [INFO] IPUIPlugin:74 - create IPUIPlugin
2023-12-06 21:21:33,377 [INFO] PluginManager:213 - loadIPPluginJar : add comp
2023-12-06 21:21:33,409 [INFO] IPUIPlugin:74 - create IPUIPlugin
2023-12-06 21:21:33,409 [INFO] PluginManager:213 - loadIPPluginJar : add cryp
2023-12-06 21:21:33,446 [INFO] IPUIPlugin:74 - create IPUIPlugin
2023-12-06 21:21:33,446 [INFO] PluginManager:213 - loadIPPluginJar : add dfsdm
2023-12-06 21:21:33,459 [INFO] IPUIPlugin:74 - create IPUIPlugin
2023-12-06 21:21:33,460 [INFO] PluginManager:213 - loadIPPluginJar : add dma
2023-12-06 21:21:33,511 [INFO] IPUIPlugin:74 - create IPUIPlugin
2023-12-06 21:21:33,511 [INFO] PluginManager:213 - loadIPPluginJar : add dma3
2023-12-06 21:21:33,542 [INFO] IPUIPlugin:74 - create IPUIPlugin
2023-12-06 21:21:33,542 [INFO] PluginManager:213 - loadIPPluginJar : add fatfs
2023-12-06 21:21:33,613 [INFO] IPUIPlugin:74 - create IPUIPlugin
2023-12-06 21:21:33,614 [INFO] PluginManager:213 - loadIPPluginJar : add fmc
2023-12-06 21:21:33,637 [INFO] IPUIPlugin:74 - create IPUIPlugin
2023-12-06 21:21:33,638 [INFO] PluginManager:213 - loadIPPluginJar : add freertos
2023-12-06 21:21:33,673 [INFO] IPUIPlugin:74 - create IPUIPlugin
2023-12-06 21:21:33,673 [INFO] PluginManager:213 - loadIPPluginJar : add genericplugin
2023-12-06 21:21:33,757 [INFO] IPUIPlugin:74 - create IPUIPlugin
2023-12-06 21:21:33,757 [INFO] PluginManager:213 - loadIPPluginJar : add gfxmmu
2023-12-06 21:21:33,886 [INFO] IPUIPlugin:74 - create IPUIPlugin
2023-12-06 21:21:33,886 [INFO] PluginManager:213 - loadIPPluginJar : add gic
2023-12-06 21:21:33,897 [INFO] IPUIPlugin:74 - create IPUIPlugin
2023-12-06 21:21:33,898 [INFO] PluginManager:213 - loadIPPluginJar : add gpio
2023-12-06 21:21:33,967 [INFO] IPUIPlugin:74 - create IPUIPlugin
2023-12-06 21:21:33,967 [INFO] PluginManager:213 - loadIPPluginJar : add gtzc
2023-12-06 21:21:33,998 [INFO] IPUIPlugin:74 - create IPUIPlugin
2023-12-06 21:21:33,998 [INFO] PluginManager:213 - loadIPPluginJar : add hash
2023-12-06 21:21:34,054 [INFO] IPUIPlugin:74 - create IPUIPlugin
2023-12-06 21:21:34,054 [INFO] PluginManager:213 - loadIPPluginJar : add i2c
2023-12-06 21:21:34,098 [INFO] IPUIPlugin:74 - create IPUIPlugin
2023-12-06 21:21:34,098 [INFO] PluginManager:213 - loadIPPluginJar : add i2s
2023-12-06 21:21:34,110 [INFO] IPUIPlugin:74 - create IPUIPlugin
2023-12-06 21:21:34,110 [INFO] PluginManager:213 - loadIPPluginJar : add ipddr
2023-12-06 21:21:34,203 [INFO] IPUIPlugin:74 - create IPUIPlugin
2023-12-06 21:21:34,203 [INFO] PluginManager:213 - loadIPPluginJar : add linkedlist
2023-12-06 21:21:34,243 [INFO] IPUIPlugin:74 - create IPUIPlugin
2023-12-06 21:21:34,243 [INFO] PluginManager:213 - loadIPPluginJar : add lorawan
2023-12-06 21:21:34,285 [INFO] IPUIPlugin:74 - create IPUIPlugin
2023-12-06 21:21:34,285 [INFO] PluginManager:213 - loadIPPluginJar : add ltdc
2023-12-06 21:21:34,296 [INFO] IPUIPlugin:74 - create IPUIPlugin
2023-12-06 21:21:34,297 [INFO] PluginManager:213 - loadIPPluginJar : add mdma
2023-12-06 21:21:34,307 [INFO] IPUIPlugin:74 - create IPUIPlugin
2023-12-06 21:21:34,308 [INFO] PluginManager:213 - loadIPPluginJar : add nvic
2023-12-06 21:21:34,349 [INFO] IPUIPlugin:74 - create IPUIPlugin
2023-12-06 21:21:34,349 [INFO] PluginManager:213 - loadIPPluginJar : add opamp
2023-12-06 21:21:34,408 [INFO] IPUIPlugin:74 - create IPUIPlugin
2023-12-06 21:21:34,408 [INFO] PluginManager:213 - loadIPPluginJar : add openamp
2023-12-06 21:21:34,452 [INFO] IPUIPlugin:74 - create IPUIPlugin
2023-12-06 21:21:34,452 [INFO] PluginManager:213 - loadIPPluginJar : add pdm2pcm
2023-12-06 21:21:34,465 [INFO] IPUIPlugin:74 - create IPUIPlugin
2023-12-06 21:21:34,468 [INFO] PluginManager:213 - loadIPPluginJar : add plateformsettings
2023-12-06 21:21:34,495 [INFO] IPUIPlugin:74 - create IPUIPlugin
2023-12-06 21:21:34,495 [INFO] PluginManager:213 - loadIPPluginJar : add quadspi
2023-12-06 21:21:34,507 [INFO] IPUIPlugin:74 - create IPUIPlugin
2023-12-06 21:21:34,507 [INFO] PluginManager:213 - loadIPPluginJar : add resmgrutility
2023-12-06 21:21:34,557 [INFO] IPUIPlugin:74 - create IPUIPlugin
2023-12-06 21:21:34,557 [INFO] PluginManager:213 - loadIPPluginJar : add sai
2023-12-06 21:21:34,595 [INFO] IPUIPlugin:74 - create IPUIPlugin
2023-12-06 21:21:34,595 [INFO] PluginManager:213 - loadIPPluginJar : add spi
2023-12-06 21:21:34,648 [INFO] IPUIPlugin:74 - create IPUIPlugin
2023-12-06 21:21:34,648 [INFO] PluginManager:213 - loadIPPluginJar : add stm32_wpan
2023-12-06 21:21:34,674 [INFO] IPUIPlugin:74 - create IPUIPlugin
2023-12-06 21:21:34,675 [INFO] PluginManager:213 - loadIPPluginJar : add tim
2023-12-06 21:21:34,731 [INFO] IPUIPlugin:74 - create IPUIPlugin
2023-12-06 21:21:34,732 [INFO] PluginManager:213 - loadIPPluginJar : add touchsensing
2023-12-06 21:21:34,758 [INFO] IPUIPlugin:74 - create IPUIPlugin
2023-12-06 21:21:34,758 [INFO] PluginManager:213 - loadIPPluginJar : add tracer_emb
2023-12-06 21:21:34,786 [INFO] IPUIPlugin:74 - create IPUIPlugin
2023-12-06 21:21:34,786 [INFO] PluginManager:213 - loadIPPluginJar : add ts
2023-12-06 21:21:34,813 [INFO] IPUIPlugin:74 - create IPUIPlugin
2023-12-06 21:21:34,813 [INFO] PluginManager:213 - loadIPPluginJar : add tsc
2023-12-06 21:21:34,839 [INFO] IPUIPlugin:74 - create IPUIPlugin
2023-12-06 21:21:34,839 [INFO] PluginManager:213 - loadIPPluginJar : add ucpd
2023-12-06 21:21:34,882 [INFO] IPUIPlugin:74 - create IPUIPlugin
2023-12-06 21:21:34,883 [INFO] PluginManager:213 - loadIPPluginJar : add usart
2023-12-06 21:21:34,921 [INFO] IPUIPlugin:74 - create IPUIPlugin
2023-12-06 21:21:34,921 [INFO] PluginManager:213 - loadIPPluginJar : add usbx
2023-12-06 21:21:35,215 [FATAL] Updater:294 - Updater called before beeing initialized
2023-12-06 21:21:35,344 [FATAL] Updater:294 - Updater called before beeing initialized
2023-12-06 21:21:35,355 [INFO] DbMcusAds:47 - JSON generation date=Tue Mar 07 15:50:55 ICT 2023 (1678179055335)
2023-12-06 21:21:35,355 [FATAL] Updater:294 - Updater called before beeing initialized
2023-12-06 21:21:35,409 [WARN] DetailPanel:314 - Failed to get advertising image, set to default
2023-12-06 21:21:35,565 [FATAL] Updater:294 - Updater called before beeing initialized
2023-12-06 21:21:35,571 [FATAL] Updater:294 - Updater called before beeing initialized
2023-12-06 21:21:35,571 [FATAL] Updater:294 - Updater called before beeing initialized
2023-12-06 21:21:35,571 [WARN] DetailPanel:314 - Failed to get advertising image, set to default
2023-12-06 21:21:35,573 [FATAL] Updater:294 - Updater called before beeing initialized
2023-12-06 21:21:35,664 [ERROR] Updater:1075 - MainUpdater not yet initialized. External WinMGr cannot be set.
2023-12-06 21:21:35,668 [INFO] ThirdPartyUpdaterWithRetryManager:66 - Updater plugin not ready yet. [2/15]
2023-12-06 21:21:35,675 [INFO] Updater:1012 - Updater Version found : 6.3.0
2023-12-06 21:21:35,708 [INFO] ApplicationProperties:181 - Using Application install path: C:\ST\STM32CubeIDE_1.7.0\STM32CubeIDE\plugins\com.st.stm32cube.common.mx_6.3.0.202107141111
2023-12-06 21:21:36,232 [INFO] MainUpdater:2671 - connection check result : 10
2023-12-06 21:21:36,233 [INFO] MainUpdater:3359 - Updater definition file requires update
2023-12-06 21:21:36,234 [INFO] MainUpdater:265 - Updater Check For Update Now.
2023-12-06 21:21:36,234 [INFO] MicroXplorer:478 - Change Database Version : DB.6.0.30
2023-12-06 21:21:36,532 [INFO] ServerAccessManage:362 - Download File updaters.zip
2023-12-06 21:21:37,042 [INFO] FileExtend:235 - Unzip File : updaters.zip
2023-12-06 21:21:37,042 [INFO] FileExtend:250 - Standard Zip Deflate
2023-12-06 21:21:38,123 [INFO] ServerAccessManage:362 - Download File PacksControlFlags.xml
2023-12-06 21:21:38,541 [INFO] ServerAccessManage:362 - Download File cubemx.pidx
2023-12-06 21:21:38,670 [WARN] MainUpdater:1122 - Updater busy. Cannot search thirdparties
2023-12-06 21:21:38,670 [INFO] ThirdPartyUpdaterWithRetryManager:92 - Updater plugin is busy. [1/15]
2023-12-06 21:21:39,246 [INFO] ServerAccessManage:362 - Download File STMicroelectronics.FP-SNS-MOTENVWB1.pdsc
2023-12-06 21:21:40,390 [INFO] ServerAccessManage:362 - Download File STMicroelectronics.X-CUBE-ISPU.pdsc
2023-12-06 21:21:41,681 [WARN] MainUpdater:1122 - Updater busy. Cannot search thirdparties
2023-12-06 21:21:41,681 [INFO] ThirdPartyUpdaterWithRetryManager:92 - Updater plugin is busy. [2/15]
2023-12-06 21:21:41,695 [INFO] ServerAccessManage:362 - Download File STMicroelectronics.X-CUBE-AZRTOS-H7.pdsc
2023-12-06 21:21:44,694 [WARN] MainUpdater:1122 - Updater busy. Cannot search thirdparties
2023-12-06 21:21:44,694 [INFO] ThirdPartyUpdaterWithRetryManager:92 - Updater plugin is busy. [3/15]
2023-12-06 21:21:45,838 [ERROR] ServerAccessManage:981 - Problem, Http access forbiden
2023-12-06 21:21:45,838 [ERROR] ServerAccessManage:531 - Problem, Http access forbiden : RoweBots.I-CUBE-UNISONRTOS.pdsc.
2023-12-06 21:21:45,993 [WARN] PopulateThirdPartyThread:100 - Error when creating pack: C:/Users/Le HUy/.stm32cubemx/thirdparties/pdsc/STMicroelectronics.FP-SNS-MOTENVWB1.pdsc
2023-12-06 21:21:46,024 [WARN] PackLoader:238 - Cannot read IP mode file for STMicroelectronics.X-CUBE-ISPU.2.0.0
2023-12-06 21:21:46,058 [WARN] PackLoader:238 - Cannot read IP mode file for STMicroelectronics.X-CUBE-AZRTOS-H7.3.2.0
2023-12-06 21:21:46,063 [INFO] PopulateThirdPartyThread:60 - Ending populate Thread
2023-12-06 21:21:46,064 [INFO] ThirdParty:967 - CMSIS Pack Vendor :STMicroelectronics X-CUBE-AZRTOS-H7 3.2.0
2023-12-06 21:21:46,064 [INFO] ThirdParty:967 - CMSIS Pack Vendor :STMicroelectronics X-CUBE-ISPU 2.0.0
2023-12-06 21:21:46,065 [INFO] LoadServerUpdatesThread:339 - End of LoadServerUpdate Thread
2023-12-06 21:21:46,137 [INFO] CheckServerUpdateThread:112 - End of CheckServer Thread
2023-12-06 21:21:46,216 [INFO] MainUpdater:2671 - connection check result : 10
2023-12-06 21:21:46,242 [INFO] McuFinderGlobals:52 - Set McuFinderConnectedMode to true
2023-12-06 21:21:46,470 [INFO] ServerAccessManage:362 - Download File mcusAds.json._tmp_
2023-12-06 21:21:46,596 [INFO] LoadUrlFilesThread:145 - End of LoadUrlFiles Thread
2023-12-06 21:21:47,387 [INFO] ServerAccessManage:362 - Download File mcusDocs.json._tmp_
2023-12-06 21:21:47,705 [WARN] MainUpdater:1122 - Updater busy. Cannot search thirdparties
2023-12-06 21:21:47,705 [INFO] ThirdPartyUpdaterWithRetryManager:92 - Updater plugin is busy. [4/15]
2023-12-06 21:21:48,810 [INFO] LoadUrlFilesThread:145 - End of LoadUrlFiles Thread
2023-12-06 21:21:49,070 [INFO] ServerAccessManage:362 - Download File mcusFeaturesAndDescription.json._tmp_
2023-12-06 21:21:50,707 [WARN] MainUpdater:1122 - Updater busy. Cannot search thirdparties
2023-12-06 21:21:50,707 [INFO] ThirdPartyUpdaterWithRetryManager:92 - Updater plugin is busy. [5/15]
2023-12-06 21:21:53,716 [WARN] MainUpdater:1122 - Updater busy. Cannot search thirdparties
2023-12-06 21:21:53,716 [INFO] ThirdPartyUpdaterWithRetryManager:92 - Updater plugin is busy. [6/15]
2023-12-06 21:21:56,724 [WARN] MainUpdater:1122 - Updater busy. Cannot search thirdparties
2023-12-06 21:21:56,724 [INFO] ThirdPartyUpdaterWithRetryManager:92 - Updater plugin is busy. [7/15]
2023-12-06 21:21:59,735 [WARN] MainUpdater:1122 - Updater busy. Cannot search thirdparties
2023-12-06 21:21:59,735 [INFO] ThirdPartyUpdaterWithRetryManager:92 - Updater plugin is busy. [8/15]
2023-12-06 21:22:02,737 [WARN] MainUpdater:1122 - Updater busy. Cannot search thirdparties
2023-12-06 21:22:02,737 [INFO] ThirdPartyUpdaterWithRetryManager:92 - Updater plugin is busy. [9/15]
2023-12-06 21:22:05,751 [WARN] MainUpdater:1122 - Updater busy. Cannot search thirdparties
2023-12-06 21:22:05,751 [INFO] ThirdPartyUpdaterWithRetryManager:92 - Updater plugin is busy. [10/15]
2023-12-06 21:22:08,758 [WARN] MainUpdater:1122 - Updater busy. Cannot search thirdparties
2023-12-06 21:22:08,758 [INFO] ThirdPartyUpdaterWithRetryManager:92 - Updater plugin is busy. [11/15]
2023-12-06 21:22:11,764 [WARN] MainUpdater:1122 - Updater busy. Cannot search thirdparties
2023-12-06 21:22:11,764 [INFO] ThirdPartyUpdaterWithRetryManager:92 - Updater plugin is busy. [12/15]
2023-12-06 21:22:14,764 [WARN] MainUpdater:1122 - Updater busy. Cannot search thirdparties
2023-12-06 21:22:14,764 [INFO] ThirdPartyUpdaterWithRetryManager:92 - Updater plugin is busy. [13/15]
2023-12-06 21:22:17,768 [WARN] MainUpdater:1122 - Updater busy. Cannot search thirdparties
2023-12-06 21:22:17,768 [INFO] ThirdPartyUpdaterWithRetryManager:92 - Updater plugin is busy. [14/15]
2023-12-06 21:22:20,775 [WARN] MainUpdater:1122 - Updater busy. Cannot search thirdparties
2023-12-06 21:22:20,775 [INFO] ThirdPartyUpdaterWithRetryManager:92 - Updater plugin is busy. [15/15]
2023-12-06 21:22:20,775 [ERROR] IntegrityCheckThread:124 - Cannot retrieve database content from updater: error -1
2023-12-06 21:22:20,776 [INFO] ThirdParty:915 - Integrity check success = false
2023-12-06 21:22:20,777 [INFO] IntegrityCheckThread:94 - exiting critical section [integrity check]
2023-12-06 21:22:20,777 [INFO] IntegrityCheckThread:97 - End integrity checks thread
2023-12-06 21:22:30,931 [INFO] LoadUrlFilesThread:145 - End of LoadUrlFiles Thread
2023-12-06 21:22:31,331 [INFO] ServerAccessManage:362 - Download File boardsDocs.json._tmp_
2023-12-06 21:22:31,573 [INFO] LoadUrlFilesThread:145 - End of LoadUrlFiles Thread
2023-12-06 21:22:32,010 [INFO] ServerAccessManage:362 - Download File boards.json._tmp_
2023-12-06 21:22:33,524 [INFO] LoadUrlFilesThread:145 - End of LoadUrlFiles Thread
2023-12-06 21:22:34,098 [INFO] ServerAccessManage:362 - Download File cube-finder-db.zip
2023-12-06 21:24:10,086 [INFO] FileExtend:235 - Unzip File : cube-finder-db.zip
2023-12-06 21:24:10,087 [INFO] FileExtend:250 - Standard Zip Deflate
2023-12-06 21:24:10,815 [INFO] LoadUrlFilesThread:145 - End of LoadUrlFiles Thread
2023-12-06 21:24:14,808 [INFO] ServerAccessManage:362 - Download File crdb.zip
2023-12-06 21:24:19,943 [INFO] FileExtend:235 - Unzip File : crdb.zip
2023-12-06 21:24:19,944 [INFO] FileExtend:250 - Standard Zip Deflate
2023-12-06 21:24:20,081 [INFO] LoadUrlFilesThread:145 - End of LoadUrlFiles Thread
2023-12-06 21:24:20,703 [INFO] ServerAccessManage:362 - Download File tutoVideoDB.zip
2023-12-06 21:24:21,072 [INFO] FileExtend:235 - Unzip File : tutoVideoDB.zip
2023-12-06 21:24:21,072 [INFO] FileExtend:250 - Standard Zip Deflate
2023-12-06 21:24:21,196 [INFO] LoadUrlFilesThread:145 - End of LoadUrlFiles Thread
2023-12-06 21:24:21,197 [INFO] DbMcusAds:47 - JSON generation date=Wed Nov 29 17:52:38 ICT 2023 (1701255158764)
2023-12-06 21:24:21,207 [INFO] DbMcusDocs:143 - JSON generation date=Tue Nov 16 23:17:54 ICT 2021 (1637079474)
2023-12-06 21:24:21,208 [INFO] DbMcusXml:100 - Load MCU database from C:\ST\STM32CubeIDE_1.7.0\STM32CubeIDE\plugins\com.st.stm32cube.common.mx_6.3.0.202107141111\\db\/mcu/families.xml
2023-12-06 21:24:21,900 [INFO] DbMcusJson:93 - JSON generation date=Tue Nov 16 23:17:54 ICT 2021 (1637079474)
2023-12-06 21:24:22,500 [INFO] DbMcus:175 - Found 1951 MCUs (1903 are supported by CubeMX, 1914 are visible in CubeMX)
2023-12-06 21:24:22,501 [INFO] ApiDb:251 - Load user favorites file C:\Users\Le HUy/.stm32cubeide/favorites.mcus.txt: 0 item(s)
2023-12-06 21:24:22,501 [INFO] ApiDb:255 - User favorites MCUs=[]
2023-12-06 21:24:22,501 [INFO] DbMcus:187 - Set 0 / 0 favorites MCUs
2023-12-06 21:24:23,149 [INFO] DbMcusDocs:79 - Found 682 MCUs documents
2023-12-06 21:24:23,151 [INFO] ApiDb:276 - Save user favorites file C:\Users\Le HUy/.stm32cubeide/favorites.mcus.txt: 0 item(s)
2023-12-06 21:24:23,151 [INFO] ApiDb:280 - User favorites MCUs=[]
2023-12-06 21:24:23,151 [INFO] DbMcusXml:100 - Load MCU database from C:\ST\STM32CubeIDE_1.7.0\STM32CubeIDE\plugins\com.st.stm32cube.common.mx_6.3.0.202107141111\\db\/mcu/families.xml
2023-12-06 21:24:23,717 [INFO] DbMcusJson:93 - JSON generation date=Tue Nov 16 23:17:54 ICT 2021 (1637079474)
2023-12-06 21:24:24,244 [INFO] DbMcus:175 - Found 1951 MCUs (1903 are supported by CubeMX, 1914 are visible in CubeMX)
2023-12-06 21:24:24,244 [INFO] ApiDb:251 - Load user favorites file C:\Users\Le HUy/.stm32cubeide/favorites.mcus.txt: 0 item(s)
2023-12-06 21:24:24,244 [INFO] ApiDb:255 - User favorites MCUs=[]
2023-12-06 21:24:24,244 [INFO] DbMcus:187 - Set 0 / 0 favorites MCUs
2023-12-06 21:24:24,250 [INFO] DbBoardsDocs:143 - JSON generation date=Tue Nov 16 23:17:54 ICT 2021 (1637079474)
2023-12-06 21:24:24,265 [INFO] DbBoardsPdsc:90 - Found 25 items
2023-12-06 21:24:24,274 [INFO] DbBoardsPdsc:90 - Found 9 items
2023-12-06 21:24:24,284 [INFO] DbBoardsPdsc:90 - Found 33 items
2023-12-06 21:24:24,292 [INFO] DbBoardsPdsc:90 - Found 1 items
2023-12-06 21:24:24,305 [INFO] DbBoardsPdsc:90 - Found 48 items
2023-12-06 21:24:24,320 [INFO] DbBoardsPdsc:90 - Found 43 items
2023-12-06 21:24:24,328 [INFO] DbBoardsPdsc:90 - Found 2 items
2023-12-06 21:24:24,336 [INFO] DbBoardsPdsc:90 - Found 5 items
2023-12-06 21:24:24,341 [WARN] DbBoardsPdsc:254 - Board STM32H7B3I-DK: unknown feature type=Audio, name=, username=Audio stereo codec with Headphone Amp (CS42L51-CNZ), n=1
2023-12-06 21:24:24,342 [WARN] DbBoardsPdsc:254 - Board STM32H735G-DK: unknown feature type=Audio, name=, username=Audio stereo codec with Headphone Amp (WM8994ECS/R), n=1
2023-12-06 21:24:24,344 [WARN] DbBoardsPdsc:254 - Board STM32H7B3I-EVAL: unknown feature type=Audio, name=, username=Multi-Channel Audio Codec (CS42L51-CNZ), n=1
2023-12-06 21:24:24,344 [WARN] DbBoardsPdsc:254 - Board STM32H7B3I-EVAL: unknown feature type=Meter, name=, username=Power-metering and Temperature-monitoring with sigma-delta modulators, n=1
2023-12-06 21:24:24,344 [WARN] DbBoardsPdsc:254 - Board STM32H7B3I-EVAL: unknown feature type=Motor, name=, username=Motor Control, n=1
2023-12-06 21:24:24,344 [WARN] DbBoardsPdsc:254 - Board STM32U575I-EV: unknown feature type=joystick, name=, username=4-direction joystick with selection button, n=1
2023-12-06 21:24:24,359 [INFO] DbBoardsJson:86 - JSON generation date=Tue Nov 16 23:17:54 ICT 2021 (1637079474)
2023-12-06 21:24:24,372 [INFO] DbBoards:117 - Found 167 boards (163 are supported by CubeMX)
2023-12-06 21:24:24,374 [INFO] DbBoardsDocs:143 - JSON generation date=Tue Nov 16 23:17:54 ICT 2021 (1637079474)
2023-12-06 21:24:24,377 [INFO] DbBoardsDocs:79 - Found 209 boards documents
2023-12-06 21:24:24,379 [WARN] DbBoards:127 - board B-L475E-IOT01A2 has no document id list !
2023-12-06 21:24:24,379 [WARN] DbBoards:127 - board NUCLEO-H743ZI has no document id list !
2023-12-06 21:24:24,380 [WARN] DbBoards:127 - board NUCLEO-WL55JC2 has no document id list !
2023-12-06 21:24:24,380 [WARN] DbBoards:127 - board P-NUCLEO-WB55-Nucleo has no document id list !
2023-12-06 21:24:24,380 [WARN] DbBoards:127 - board P-NUCLEO-WB55-USBDongle has no document id list !
2023-12-06 21:24:24,380 [WARN] DbBoards:127 - board STEVAL-BFA001V1B has no document id list !
2023-12-06 21:24:24,380 [WARN] DbBoards:127 - board STEVAL-BFA001V2B has no document id list !
2023-12-06 21:24:24,380 [WARN] DbBoards:127 - board STEVAL-IDP005V1 has no document id list !
2023-12-06 21:24:24,381 [WARN] DbBoards:127 - board STEVAL-IDP005V2 has no document id list !
2023-12-06 21:24:24,381 [WARN] DbBoards:127 - board STEVAL-MKSBOX1V1 has no document id list !
2023-12-06 21:24:24,381 [WARN] DbBoards:127 - board STEVAL-STWINKT1 has no document id list !
2023-12-06 21:24:24,381 [WARN] DbBoards:127 - board STEVAL-STWINKT1B has no document id list !
2023-12-06 21:24:24,381 [WARN] DbBoards:127 - board STM32439I-EVAL2 has no document id list !
2023-12-06 21:24:24,381 [WARN] DbBoards:127 - board STM32F401C-DISCO has no document id list !
2023-12-06 21:24:24,382 [WARN] DbBoards:127 - board STM32F769I-DISC1 has no document id list !
2023-12-06 21:24:24,382 [WARN] DbBoards:127 - board STM32G474E-EVAL1 has no document id list !
2023-12-06 21:24:24,382 [WARN] DbBoards:127 - board STM32H743I-EVAL2 has no document id list !
2023-12-06 21:24:24,382 [WARN] DbBoards:127 - board STM32H747I-DISC1 has no document id list !
2023-12-06 21:24:24,382 [WARN] DbBoards:127 - board STM32H753I-EVAL2 has no document id list !
2023-12-06 21:24:24,382 [WARN] DbBoards:127 - board STM32L-DISCOVERY has no document id list !
2023-12-06 21:24:24,500 [ERROR] DbBoards:189 - Image file not found for board B-U585I-IOT02A: C:\ST\STM32CubeIDE_1.7.0\STM32CubeIDE\plugins\com.st.stm32cube.common.mx_6.3.0.202107141111\\db\/plugins/mcufinder/images/boards/B-U585I-IOT02A_small.jpg
2023-12-06 21:24:24,594 [ERROR] DbBoards:189 - Image file not found for board NUCLEO-F413ZH: C:\ST\STM32CubeIDE_1.7.0\STM32CubeIDE\plugins\com.st.stm32cube.common.mx_6.3.0.202107141111\\db\/plugins/mcufinder/images/boards/nucleo-f413zh_small.jpg
2023-12-06 21:24:24,771 [ERROR] DbBoards:189 - Image file not found for board NUCLEO-L552ZE-Q: C:\ST\STM32CubeIDE_1.7.0\STM32CubeIDE\plugins\com.st.stm32cube.common.mx_6.3.0.202107141111\\db\/plugins/mcufinder/images/boards/nucleo_l552ze_q_small.jpg
2023-12-06 21:24:24,771 [ERROR] DbBoards:189 - Image file not found for board NUCLEO-U575ZI-Q: C:\ST\STM32CubeIDE_1.7.0\STM32CubeIDE\plugins\com.st.stm32cube.common.mx_6.3.0.202107141111\\db\/plugins/mcufinder/images/boards/nucleo-u575zi-q_small.jpg
2023-12-06 21:24:24,771 [ERROR] DbBoards:189 - Image file not found for board NUCLEO-WB15CC: C:\ST\STM32CubeIDE_1.7.0\STM32CubeIDE\plugins\com.st.stm32cube.common.mx_6.3.0.202107141111\\db\/plugins/mcufinder/images/boards/nucleo-wb15cc_small.jpg
2023-12-06 21:24:24,771 [ERROR] DbBoards:189 - Image file not found for board NUCLEO-WB55RG: C:\ST\STM32CubeIDE_1.7.0\STM32CubeIDE\plugins\com.st.stm32cube.common.mx_6.3.0.202107141111\\db\/plugins/mcufinder/images/boards/nucleo-wb55rg_small.jpg
2023-12-06 21:24:25,766 [INFO] ApiDb:251 - Load user favorites file C:\Users\Le HUy/.stm32cubeide/favorites.boards.txt: 0 item(s)
2023-12-06 21:24:25,766 [INFO] ApiDb:255 - User favorites Boards=[]
2023-12-06 21:24:25,767 [INFO] DbBoards:206 - Set 0 / 0 favorites Boards
2023-12-06 21:24:25,771 [INFO] DbBoardsDocs:79 - Found 418 boards documents
2023-12-06 21:24:25,772 [INFO] ApiDb:276 - Save user favorites file C:\Users\Le HUy/.stm32cubeide/favorites.boards.txt: 0 item(s)
2023-12-06 21:24:25,773 [INFO] ApiDb:280 - User favorites Boards=[]
2023-12-06 21:24:25,777 [INFO] DbBoardsPdsc:90 - Found 25 items
2023-12-06 21:24:25,780 [INFO] DbBoardsPdsc:90 - Found 9 items
2023-12-06 21:24:25,784 [INFO] DbBoardsPdsc:90 - Found 33 items
2023-12-06 21:24:25,786 [INFO] DbBoardsPdsc:90 - Found 1 items
2023-12-06 21:24:25,794 [INFO] DbBoardsPdsc:90 - Found 48 items
2023-12-06 21:24:25,801 [INFO] DbBoardsPdsc:90 - Found 43 items
2023-12-06 21:24:25,802 [INFO] DbBoardsPdsc:90 - Found 2 items
2023-12-06 21:24:25,803 [INFO] DbBoardsPdsc:90 - Found 5 items
2023-12-06 21:24:25,805 [WARN] DbBoardsPdsc:254 - Board STM32H7B3I-DK: unknown feature type=Audio, name=, username=Audio stereo codec with Headphone Amp (CS42L51-CNZ), n=1
2023-12-06 21:24:25,806 [WARN] DbBoardsPdsc:254 - Board STM32H735G-DK: unknown feature type=Audio, name=, username=Audio stereo codec with Headphone Amp (WM8994ECS/R), n=1
2023-12-06 21:24:25,807 [WARN] DbBoardsPdsc:254 - Board STM32H7B3I-EVAL: unknown feature type=Audio, name=, username=Multi-Channel Audio Codec (CS42L51-CNZ), n=1
2023-12-06 21:24:25,807 [WARN] DbBoardsPdsc:254 - Board STM32H7B3I-EVAL: unknown feature type=Meter, name=, username=Power-metering and Temperature-monitoring with sigma-delta modulators, n=1
2023-12-06 21:24:25,807 [WARN] DbBoardsPdsc:254 - Board STM32H7B3I-EVAL: unknown feature type=Motor, name=, username=Motor Control, n=1
2023-12-06 21:24:25,808 [WARN] DbBoardsPdsc:254 - Board STM32U575I-EV: unknown feature type=joystick, name=, username=4-direction joystick with selection button, n=1
2023-12-06 21:24:25,822 [INFO] DbBoardsJson:86 - JSON generation date=Tue Nov 16 23:17:54 ICT 2021 (1637079474)
2023-12-06 21:24:25,826 [INFO] DbBoards:117 - Found 167 boards (163 are supported by CubeMX)
2023-12-06 21:24:25,826 [WARN] DbBoards:127 - board B-L475E-IOT01A2 has no document id list !
2023-12-06 21:24:25,827 [WARN] DbBoards:127 - board NUCLEO-H743ZI has no document id list !
2023-12-06 21:24:25,827 [WARN] DbBoards:127 - board NUCLEO-WL55JC2 has no document id list !
2023-12-06 21:24:25,827 [WARN] DbBoards:127 - board P-NUCLEO-WB55-Nucleo has no document id list !
2023-12-06 21:24:25,827 [WARN] DbBoards:127 - board P-NUCLEO-WB55-USBDongle has no document id list !
2023-12-06 21:24:25,827 [WARN] DbBoards:127 - board STEVAL-BFA001V1B has no document id list !
2023-12-06 21:24:25,827 [WARN] DbBoards:127 - board STEVAL-BFA001V2B has no document id list !
2023-12-06 21:24:25,827 [WARN] DbBoards:127 - board STEVAL-IDP005V1 has no document id list !
2023-12-06 21:24:25,827 [WARN] DbBoards:127 - board STEVAL-IDP005V2 has no document id list !
2023-12-06 21:24:25,828 [WARN] DbBoards:127 - board STEVAL-MKSBOX1V1 has no document id list !
2023-12-06 21:24:25,828 [WARN] DbBoards:127 - board STEVAL-STWINKT1 has no document id list !
2023-12-06 21:24:25,828 [WARN] DbBoards:127 - board STEVAL-STWINKT1B has no document id list !
2023-12-06 21:24:25,828 [WARN] DbBoards:127 - board STM32439I-EVAL2 has no document id list !
2023-12-06 21:24:25,828 [WARN] DbBoards:127 - board STM32F401C-DISCO has no document id list !
2023-12-06 21:24:25,828 [WARN] DbBoards:127 - board STM32F769I-DISC1 has no document id list !
2023-12-06 21:24:25,828 [WARN] DbBoards:127 - board STM32G474E-EVAL1 has no document id list !
2023-12-06 21:24:25,828 [WARN] DbBoards:127 - board STM32H743I-EVAL2 has no document id list !
2023-12-06 21:24:25,828 [WARN] DbBoards:127 - board STM32H747I-DISC1 has no document id list !
2023-12-06 21:24:25,828 [WARN] DbBoards:127 - board STM32H753I-EVAL2 has no document id list !
2023-12-06 21:24:25,828 [WARN] DbBoards:127 - board STM32L-DISCOVERY has no document id list !
2023-12-06 21:24:25,903 [ERROR] DbBoards:189 - Image file not found for board B-U585I-IOT02A: C:\ST\STM32CubeIDE_1.7.0\STM32CubeIDE\plugins\com.st.stm32cube.common.mx_6.3.0.202107141111\\db\/plugins/mcufinder/images/boards/B-U585I-IOT02A_small.jpg
2023-12-06 21:24:25,972 [ERROR] DbBoards:189 - Image file not found for board NUCLEO-F413ZH: C:\ST\STM32CubeIDE_1.7.0\STM32CubeIDE\plugins\com.st.stm32cube.common.mx_6.3.0.202107141111\\db\/plugins/mcufinder/images/boards/nucleo-f413zh_small.jpg
2023-12-06 21:24:26,127 [ERROR] DbBoards:189 - Image file not found for board NUCLEO-L552ZE-Q: C:\ST\STM32CubeIDE_1.7.0\STM32CubeIDE\plugins\com.st.stm32cube.common.mx_6.3.0.202107141111\\db\/plugins/mcufinder/images/boards/nucleo_l552ze_q_small.jpg
2023-12-06 21:24:26,128 [ERROR] DbBoards:189 - Image file not found for board NUCLEO-U575ZI-Q: C:\ST\STM32CubeIDE_1.7.0\STM32CubeIDE\plugins\com.st.stm32cube.common.mx_6.3.0.202107141111\\db\/plugins/mcufinder/images/boards/nucleo-u575zi-q_small.jpg
2023-12-06 21:24:26,128 [ERROR] DbBoards:189 - Image file not found for board NUCLEO-WB15CC: C:\ST\STM32CubeIDE_1.7.0\STM32CubeIDE\plugins\com.st.stm32cube.common.mx_6.3.0.202107141111\\db\/plugins/mcufinder/images/boards/nucleo-wb15cc_small.jpg
2023-12-06 21:24:26,128 [ERROR] DbBoards:189 - Image file not found for board NUCLEO-WB55RG: C:\ST\STM32CubeIDE_1.7.0\STM32CubeIDE\plugins\com.st.stm32cube.common.mx_6.3.0.202107141111\\db\/plugins/mcufinder/images/boards/nucleo-wb55rg_small.jpg
2023-12-06 21:24:26,775 [INFO] ApiDb:251 - Load user favorites file C:\Users\Le HUy/.stm32cubeide/favorites.boards.txt: 0 item(s)
2023-12-06 21:24:26,775 [INFO] ApiDb:255 - User favorites Boards=[]
2023-12-06 21:24:26,775 [INFO] DbBoards:206 - Set 0 / 0 favorites Boards
2023-12-06 21:24:27,308 [INFO] ServerAccessManage:362 - Download File 
2023-12-06 21:24:27,439 [INFO] LoadUrlFilesThread:172 - End of LoadServerUrlFiles without Thread
2023-12-06 21:24:27,439 [INFO] TargetSelectorAdapter:224 - Refresh data is successful
2023-12-06 21:24:27,575 [INFO] ApiDb:479 - Connected to CubeFinder SQLite database (C:\Users\Le HUy\.stmcufinder\plugins\mcufinder\mcu\cube-finder-db.db)
2023-12-06 21:24:28,343 [ERROR] DbExamplesSqlite:446 - Missing JSON key: board_cpn
2023-12-06 21:24:28,344 [ERROR] DbExamplesSqlite:446 - Missing JSON key: board_cpn
2023-12-06 21:24:28,344 [ERROR] DbExamplesSqlite:446 - Missing JSON key: board_cpn
2023-12-06 21:24:28,344 [ERROR] DbExamplesSqlite:446 - Missing JSON key: board_cpn
2023-12-06 21:24:28,377 [INFO] DbExamplesSqlite:411 - Ignored 55 examples not supported by CubeIDE
2023-12-06 21:24:28,378 [INFO] DbExamplesSqlite:412 - Found 7548 examples active
2023-12-06 21:24:28,378 [INFO] DbExamplesSqlite:413 - Found 848 examples obsolete
2023-12-06 21:24:28,378 [INFO] DbExamplesSqlite:414 - Found 0 examples under development
2023-12-06 21:24:28,378 [INFO] DbExamplesSqlite:415 - Found 8 examples not building
2023-12-06 21:24:28,431 [INFO] DbExamplesSqlite:108 - CubeFinder database Data Model version=2.1
2023-12-06 21:24:28,431 [INFO] DbExamplesSqlite:109 - CubeFinder database Configuration version=3.0.39
2023-12-06 21:24:28,432 [INFO] DbExamplesSqlite:110 - CubeFinder database generation date=2023-11-06 (1699269565)
2023-12-06 21:24:28,432 [INFO] DbExamplesSqlite:111 - CubeFinder database FW Pack versions=[FP-ATR-ASTRA1_V2.0.0, FP-SNS-FLIGHT1_V5.0.1, FP-SNS-FLIGHT1_V5.0.2, FP-SNS-MOTENV1_V4.3.1, FP-SNS-MOTENV1_V4.3.2, FP-SNS-MOTENVWB1_V1.3.0, FP-SNS-SMARTAG2_V1.2.0, STM32Cube_FW_C0_V1.1.0, STM32Cube_FW_F4_V1.28.0, STM32Cube_FW_F7_V1.17.0, STM32Cube_FW_G0_V1.6.1, STM32Cube_FW_G4_V1.5.1, STM32Cube_FW_H5_V0.5.1, STM32Cube_FW_H5_V1.1.1, STM32Cube_FW_H5_V1.2.0RC2, STM32Cube_FW_H7_V1.11.0, STM32Cube_FW_L0_V1.12.2, STM32Cube_FW_L5_V1.5.0, STM32Cube_FW_U5_V1.3.0RC4, STM32Cube_FW_U5_V1.4.0, STM32Cube_FW_WBA_V1.0.0RC1, STM32Cube_FW_WBA_V1.1.0RC1, STM32Cube_FW_WBA_V1.2.0, STM32Cube_FW_WBA_V1.2.0RC2, STM32Cube_FW_WB_V1.15.0RC1, STM32Cube_FW_WB_V1.16.0, STM32Cube_FW_WB_V1.16.0RC2, STM32Cube_FW_WB_V1.18.0, STM32Cube_FW_WL_V1.3.0, X-CUBE-ALGOBUILD_V1.3.0, X-CUBE-ALS_V1.0.1, X-CUBE-AZRTOS-F4_V1.1.0, X-CUBE-AZRTOS-F7_V1.1.0, X-CUBE-AZRTOS-G0_V1.1.0, X-CUBE-AZRTOS-G4_V2.0.0, X-CUBE-AZRTOS-H7_V3.1.0, X-CUBE-AZRTOS-L4_V1.0.0, X-CUBE-AZRTOS-L4_V2.0.0, X-CUBE-AZRTOS-L5_V1.1.0, X-CUBE-AZRTOS-WB_V2.0.0, X-CUBE-AZRTOS-WL_V2.0.0, X-CUBE-BLE1_V7.0.0, X-CUBE-BLE2_V3.3.0, X-CUBE-BLEMGR_V2.0.0, X-CUBE-EEPRMA1_V4.1.0, X-CUBE-EEPRMA1_V4.2.0, X-CUBE-FREERTOS_V1.1.0, X-CUBE-GNSS1_V6.0.0, X-CUBE-MEMS1_V10.0.0, X-CUBE-MEMS1_V9.1.0, X-CUBE-MEMS1_V9.4.0, X-CUBE-MEMS1_V9.6.0, X-CUBE-NFC4_V3.0.0, X-CUBE-NFC7_V1.0.1, X-CUBE-SFXS2LP1_V4.0.0, X-CUBE-SUBG2_V5.0.0, X-CUBE-TOF1_V3.3.1]
2023-12-06 21:24:28,433 [INFO] DbExamples:130 - Found 7501 examples
2023-12-06 21:24:29,097 [ERROR] DbExamples:206 - Found 7501 examples with invalid data (board or MCU)
2023-12-06 21:24:29,098 [INFO] DbExamples:222 - Found 79 boards with related examples
2023-12-06 21:24:29,098 [INFO] DbExamples:235 - Found 0 MCUs with related examples
2023-12-06 21:24:29,116 [INFO] ApiDb:242 - User favorites file not found: C:\Users\Le HUy/.stm32cubeide/favorites.examples.txt
2023-12-06 21:24:29,116 [INFO] DbExamples:256 - Set 0 / 0 favorites Examples
2023-12-06 21:24:29,387 [INFO] McuFinderGlobals:52 - Set McuFinderConnectedMode to false
2023-12-06 21:24:29,465 [INFO] CrossSelectorPresenter:1330 - Cross Selector saved comparison directory: C:\Users\Le HUy\.stmcufinder\plugins\mcufinder\mcu\cs_comparisons_mx
2023-12-06 21:24:29,471 [INFO] MultiScanPanel:197 - Auto-refresh data requested => check proxy status ongoing
2023-12-06 21:24:29,471 [INFO] MultiScanPanel:201 - Proxy status is invalid
2023-12-06 21:24:29,473 [INFO] FinderPluginLoader:87 - Searching for filters in installed packs
2023-12-06 21:24:29,858 [INFO] DetailPanel:309 - Set advertising image to C:/Users/Le HUy/STM32Cube/Repository/\en.prom-stm32wl3-mcu-finder.jpg
2023-12-06 21:28:20,911 [INFO] MainUpdater:2671 - connection check result : 10
2023-12-06 21:28:20,912 [INFO] MainUpdater:2671 - connection check result : 10
2023-12-06 21:28:20,966 [INFO] MicroXplorer:448 - Change Database Path : 
2023-12-06 21:28:20,966 [INFO] MicroXplorer:478 - Change Database Version : DB.6.0.30
2023-12-06 21:28:20,966 [WARN] ThirdParty:813 - waiting for thirdparty lock release [close project]
2023-12-06 21:28:20,967 [INFO] ThirdParty:815 - entering critical section [close project]
2023-12-06 21:28:20,968 [INFO] ThirdParty:825 - exiting critical section [close project]
2023-12-06 21:28:20,971 [INFO] PinOutPanel:1463 - setPackage(No Configuration,No Configuration)
2023-12-06 21:28:20,972 [INFO] UtilMem:74 - Begin LoadConfig() Used Memory: 795754216 Bytes (1055916032)
2023-12-06 21:28:20,973 [INFO] MicroXplorer:448 - Change Database Path : 
2023-12-06 21:28:20,973 [INFO] MicroXplorer:478 - Change Database Version : DB.6.0.30
2023-12-06 21:28:20,973 [INFO] OpenFileManager:313 - Change cursor
2023-12-06 21:28:20,985 [WARN] IntegrityCheckThread:78 - waiting for thirdparty lock release [integrity check]
2023-12-06 21:28:20,985 [INFO] IntegrityCheckThread:80 - entering critical section [integrity check]
2023-12-06 21:28:21,127 [ERROR] Engine:463 - C:\Users\Le HUy\.stm32cubemx\thirdparties\pdsc\STMicroelectronics.X-CUBE-SMBUS.2.1.0.pdsc: PDSC version is not supported
2023-12-06 21:28:21,156 [WARN] PackLoader:238 - Cannot read IP mode file for STMicroelectronics.X-CUBE-AZRTOS-F7.1.1.0
2023-12-06 21:28:21,169 [ERROR] Engine:463 - C:\Users\Le HUy\.stm32cubemx\thirdparties\pdsc\STMicroelectronics.FP-SNS-MOTENV1.4.3.2.pdsc: PDSC version is not supported
2023-12-06 21:28:21,178 [ERROR] Engine:463 - C:\Users\Le HUy\.stm32cubemx\thirdparties\pdsc\STMicroelectronics.FP-SNS-FLIGHT1.5.0.2.pdsc: PDSC version is not supported
2023-12-06 21:28:21,188 [ERROR] Engine:463 - C:\Users\Le HUy\.stm32cubemx\thirdparties\pdsc\STMicroelectronics.X-CUBE-DISPLAY.3.0.0.pdsc: PDSC version is not supported
2023-12-06 21:28:21,201 [WARN] PackLoader:238 - Cannot read IP mode file for STMicroelectronics.X-CUBE-BLE1.7.0.0
2023-12-06 21:28:21,211 [ERROR] Engine:463 - C:\Users\Le HUy\.stm32cubemx\thirdparties\pdsc\emotas.I-CUBE-CANOPEN.1.3.0.pdsc: PDSC version is not supported
2023-12-06 21:28:21,220 [WARN] PackLoader:238 - Cannot read IP mode file for STMicroelectronics.X-CUBE-TOUCHGFX.4.22.0
2023-12-06 21:28:21,229 [WARN] PackLoader:238 - Cannot read IP mode file for STMicroelectronics.X-CUBE-TOUCHGFX.4.22.1
2023-12-06 21:28:21,237 [ERROR] Engine:463 - C:\Users\Le HUy\.stm32cubemx\thirdparties\pdsc\STMicroelectronics.FP-SNS-SMARTAG2.1.2.0.pdsc: PDSC version is not supported
2023-12-06 21:28:21,254 [INFO] LogOutputStream:76 - [STDOUT_REDIRECT] 1 : Invalid condition id : UX_CORESTACK_Condition cause : null
2023-12-06 21:28:21,256 [INFO] LogOutputStream:76 - [STDOUT_REDIRECT] 1 : Invalid condition id : UX_CORESTACK_Condition cause : null
2023-12-06 21:28:21,257 [INFO] LogOutputStream:76 - [STDOUT_REDIRECT] 1 : Invalid condition id : UX_CORESTACK_Condition cause : null
2023-12-06 21:28:21,258 [INFO] LogOutputStream:76 - [STDOUT_REDIRECT] 1 : Invalid condition id : UX_CORESTACK_Condition cause : null
2023-12-06 21:28:21,259 [INFO] LogOutputStream:76 - [STDOUT_REDIRECT] 1 : Invalid condition id : UX_CORESTACK_Condition cause : null
2023-12-06 21:28:21,268 [WARN] PackLoader:238 - Cannot read IP mode file for STMicroelectronics.X-CUBE-AZRTOS-WL.2.0.0
2023-12-06 21:28:21,281 [WARN] PackLoader:238 - Cannot read IP mode file for WES.I-CUBE-Cesium.1.3.0
2023-12-06 21:28:21,292 [WARN] PackLoader:238 - Cannot read IP mode file for STMicroelectronics.X-CUBE-BLE2.3.3.0
2023-12-06 21:28:21,304 [WARN] PackLoader:238 - Cannot read IP mode file for STMicroelectronics.X-CUBE-ALGOBUILD.1.3.0
2023-12-06 21:28:21,330 [WARN] PackLoader:238 - Cannot read IP mode file for STMicroelectronics.X-CUBE-AZRTOS-G0.1.1.0
2023-12-06 21:28:21,343 [WARN] PackLoader:238 - Cannot read IP mode file for STMicroelectronics.X-CUBE-NFC4.3.0.0
2023-12-06 21:28:21,353 [ERROR] Engine:463 - C:\Users\Le HUy\.stm32cubemx\thirdparties\pdsc\STMicroelectronics.X-CUBE-BLEMGR.3.0.0.pdsc: PDSC version is not supported
2023-12-06 21:28:21,361 [WARN] PackLoader:238 - Cannot read IP mode file for STMicroelectronics.FP-ATR-SIGFOX1.3.2.0
2023-12-06 21:28:21,393 [WARN] PackLoader:238 - Cannot read IP mode file for SEGGER.I-CUBE-embOS.1.3.1
2023-12-06 21:28:21,436 [WARN] PackLoader:238 - Cannot read IP mode file for STMicroelectronics.X-CUBE-GNSS1.6.0.0
2023-12-06 21:28:21,463 [WARN] PackLoader:238 - Cannot read IP mode file for STMicroelectronics.X-CUBE-AZRTOS-F4.1.1.0
2023-12-06 21:28:21,475 [WARN] PackLoader:238 - Cannot read IP mode file for wolfSSL.I-CUBE-wolfSSL.5.6.3
2023-12-06 21:28:21,499 [WARN] PackLoader:238 - Cannot read IP mode file for STMicroelectronics.X-CUBE-AZRTOS-L5.2.0.0
2023-12-06 21:28:21,556 [WARN] PackLoader:238 - Cannot read IP mode file for STMicroelectronics.X-CUBE-MEMS1.9.6.0
2023-12-06 21:28:21,702 [WARN] PackLoader:238 - Cannot read IP mode file for STMicroelectronics.X-CUBE-EEPRMA1.4.2.0
2023-12-06 21:28:21,711 [ERROR] Engine:463 - C:\Users\Le HUy\.stm32cubemx\thirdparties\pdsc\ITTIA_DB.I-CUBE-ITTIADB.8.8.0.pdsc: PDSC version is not supported
2023-12-06 21:28:21,724 [WARN] PackLoader:238 - Cannot read IP mode file for STMicroelectronics.X-CUBE-BLEMGR.2.0.0
2023-12-06 21:28:21,764 [WARN] ConditionMgr:437 - getConditionDescription Invalid condition id : UX DEVICE CLASS RTOS Condition cause : null
2023-12-06 21:28:21,764 [WARN] ConditionMgr:437 - getConditionDescription Invalid condition id : UX DEVICE CLASS RTOS Condition cause : null
2023-12-06 21:28:21,776 [WARN] PackLoader:238 - Cannot read IP mode file for STMicroelectronics.X-CUBE-AZRTOS-H7.3.1.0
2023-12-06 21:28:21,777 [WARN] ConditionMgr:1038 - genDependencies : Invalid condition id : UX DEVICE CLASS RTOS Condition cause : null
2023-12-06 21:28:21,777 [WARN] ConditionMgr:1038 - genDependencies : Invalid condition id : UX DEVICE CLASS RTOS Condition cause : null
2023-12-06 21:28:21,778 [WARN] ConditionMgr:1038 - genDependencies : Invalid condition id : UX DEVICE CLASS RTOS Condition cause : null
2023-12-06 21:28:21,778 [WARN] ConditionMgr:1038 - genDependencies : Invalid condition id : UX DEVICE CLASS RTOS Condition cause : null
2023-12-06 21:28:21,779 [WARN] ConditionMgr:1038 - genDependencies : Invalid condition id : UX DEVICE CLASS RTOS Condition cause : null
2023-12-06 21:28:21,790 [WARN] PackLoader:238 - Cannot read IP mode file for STMicroelectronics.X-CUBE-NFC7.1.0.1
2023-12-06 21:28:21,805 [WARN] PackLoader:238 - Cannot read IP mode file for STMicroelectronics.X-CUBE-NFC6.3.0.0
2023-12-06 21:28:21,817 [WARN] PackLoader:238 - Cannot read IP mode file for STMicroelectronics.X-CUBE-EEPRMA1.4.1.0
2023-12-06 21:28:21,830 [WARN] PackLoader:238 - Cannot read IP mode file for STMicroelectronics.X-CUBE-AI.8.1.0
2023-12-06 21:28:21,857 [WARN] ConditionMgr:437 - getConditionDescription Invalid condition id : LAN8742 Phy interface Condition cause : null
2023-12-06 21:28:21,857 [WARN] PackLoader:238 - Cannot read IP mode file for STMicroelectronics.X-CUBE-AZRTOS-L4.2.0.0
2023-12-06 21:28:21,858 [WARN] ConditionMgr:1038 - genDependencies : Invalid condition id : LAN8742 Phy interface Condition cause : null
2023-12-06 21:28:21,859 [WARN] ConditionMgr:1038 - genDependencies : Invalid condition id : LAN8742 Phy interface Condition cause : null
2023-12-06 21:28:21,859 [WARN] ConditionMgr:1038 - genDependencies : Invalid condition id : LAN8742 Phy interface Condition cause : null
2023-12-06 21:28:21,871 [WARN] PackLoader:238 - Cannot read IP mode file for STMicroelectronics.X-CUBE-SFXS2LP1.4.0.0
2023-12-06 21:28:21,881 [WARN] PackLoader:238 - Cannot read IP mode file for STMicroelectronics.X-CUBE-ISPU.1.1.0
2023-12-06 21:28:21,902 [WARN] ConditionMgr:437 - getConditionDescription Invalid condition id : UX DEVICE CLASS RTOS Condition cause : null
2023-12-06 21:28:21,902 [WARN] ConditionMgr:437 - getConditionDescription Invalid condition id : UX DEVICE CLASS RTOS Condition cause : null
2023-12-06 21:28:21,904 [WARN] PackLoader:238 - Cannot read IP mode file for STMicroelectronics.X-CUBE-AZRTOS-WB.2.0.0
2023-12-06 21:28:21,905 [WARN] ConditionMgr:1038 - genDependencies : Invalid condition id : UX DEVICE CLASS RTOS Condition cause : null
2023-12-06 21:28:21,905 [WARN] ConditionMgr:1038 - genDependencies : Invalid condition id : UX DEVICE CLASS RTOS Condition cause : null
2023-12-06 21:28:21,905 [WARN] ConditionMgr:1038 - genDependencies : Invalid condition id : UX DEVICE CLASS RTOS Condition cause : null
2023-12-06 21:28:21,905 [WARN] ConditionMgr:1038 - genDependencies : Invalid condition id : UX DEVICE CLASS RTOS Condition cause : null
2023-12-06 21:28:21,906 [WARN] ConditionMgr:1038 - genDependencies : Invalid condition id : UX DEVICE CLASS RTOS Condition cause : null
2023-12-06 21:28:21,921 [WARN] PackLoader:238 - Cannot read IP mode file for STMicroelectronics.X-CUBE-SUBG2.5.0.0
2023-12-06 21:28:21,937 [ERROR] Engine:463 - C:\Users\Le HUy\.stm32cubemx\thirdparties\pdsc\STMicroelectronics.X-CUBE-TOF1.3.3.1.pdsc: PDSC version is not supported
2023-12-06 21:28:21,958 [WARN] PackLoader:238 - Cannot read IP mode file for STMicroelectronics.X-CUBE-AZRTOS-G4.2.0.0
2023-12-06 21:28:21,972 [ERROR] Engine:463 - C:\Users\Le HUy\.stm32cubemx\thirdparties\pdsc\Infineon.AIROC-Wi-Fi-Bluetooth-STM32.1.5.1.pdsc: PDSC version is not supported
2023-12-06 21:28:21,980 [ERROR] Engine:463 - C:\Users\Le HUy\.stm32cubemx\thirdparties\pdsc\STMicroelectronics.FP-SNS-MOTENVWB1.1.3.0.pdsc: PDSC version is not supported
2023-12-06 21:28:21,986 [ERROR] Engine:463 - C:\Users\Le HUy\.stm32cubemx\thirdparties\pdsc\STMicroelectronics.FP-SNS-MOTENVWB1.1.3.1.pdsc: PDSC version is not supported
2023-12-06 21:28:21,994 [WARN] PackLoader:238 - Cannot read IP mode file for STMicroelectronics.X-CUBE-ISPU.2.0.0
2023-12-06 21:28:22,035 [WARN] PackLoader:238 - Cannot read IP mode file for STMicroelectronics.X-CUBE-MEMS1.10.0.0
2023-12-06 21:28:22,173 [ERROR] Engine:463 - C:\Users\Le HUy\.stm32cubemx\thirdparties\pdsc\STMicroelectronics.X-CUBE-FREERTOS.1.1.0.pdsc: PDSC version is not supported
2023-12-06 21:28:22,184 [WARN] PackLoader:238 - Cannot read IP mode file for portGmbH.I-Cube-SoM-uGOAL.1.1.0
2023-12-06 21:28:22,193 [WARN] PackLoader:238 - Cannot read IP mode file for STMicroelectronics.X-CUBE-ALS.1.0.1
2023-12-06 21:28:22,203 [WARN] PackLoader:238 - Cannot read IP mode file for STMicroelectronics.FP-ATR-ASTRA1.2.0.0
2023-12-06 21:28:22,214 [ERROR] Engine:463 - C:\Users\Le HUy\.stm32cubemx\thirdparties\pdsc\STMicroelectronics.X-CUBE-TOF1.3.4.0.pdsc: PDSC version is not supported
2023-12-06 21:28:22,240 [WARN] PackLoader:238 - Cannot read IP mode file for STMicroelectronics.X-CUBE-AZRTOS-H7.3.2.0
2023-12-06 21:28:22,242 [INFO] ThirdParty:915 - Integrity check success = true
2023-12-06 21:28:22,243 [INFO] IntegrityCheckThread:94 - exiting critical section [integrity check]
2023-12-06 21:28:22,243 [INFO] IntegrityCheckThread:97 - End integrity checks thread
2023-12-06 21:28:23,172 [INFO] Context:592 - Trying to add GPIOservice into a context  which must be forbidden
2023-12-06 21:28:23,355 [INFO] ImportTextPane:167 - (OptionalMessage_ERROR) Unable to find key (Mcu.ThirdPartyNb) in loaded IOC file
2023-12-06 21:28:23,355 [INFO] ImportTextPane:167 - (OptionalMessage_ERROR) Unable to find key (Mcu.PinsNb) in loaded IOC file
2023-12-06 21:28:23,355 [INFO] ImportTextPane:167 - (OptionalMessage_ERROR) Unable to find key (Mcu.IPNb) in loaded IOC file
2023-12-06 21:28:23,393 [WARN] ApiManager:304 - Cannot register API 'Board Extension:GNSS1A1' from pack STMicroelectronics.X-CUBE-GNSS1.6.0.0: no header file found
2023-12-06 21:28:23,393 [WARN] ApiManager:304 - Cannot register API 'Board Support:Custom' from pack STMicroelectronics.X-CUBE-GNSS1.6.0.0: no header file found
2023-12-06 21:28:23,393 [WARN] ApiManager:304 - Cannot register API 'Data Exchange:lib_gnss' from pack STMicroelectronics.X-CUBE-GNSS1.6.0.0: no header file found
2023-12-06 21:28:23,586 [WARN] ApiManager:304 - Cannot register API 'Board Extension:IKS01A3' from pack STMicroelectronics.X-CUBE-MEMS1.9.6.0: no header file found
2023-12-06 21:28:23,587 [WARN] ApiManager:304 - Cannot register API 'Board Extension:IKS01A2' from pack STMicroelectronics.X-CUBE-MEMS1.9.6.0: no header file found
2023-12-06 21:28:23,587 [WARN] ApiManager:304 - Cannot register API 'Board Extension:IKS02A1' from pack STMicroelectronics.X-CUBE-MEMS1.9.6.0: no header file found
2023-12-06 21:28:23,593 [WARN] ApiManager:304 - Cannot register API 'Board Extension:EEPRMA2' from pack STMicroelectronics.X-CUBE-EEPRMA1.4.2.0: no header file found
2023-12-06 21:28:23,593 [WARN] ApiManager:304 - Cannot register API 'Board Extension:PGEEZ1' from pack STMicroelectronics.X-CUBE-EEPRMA1.4.2.0: no header file found
2023-12-06 21:28:23,594 [WARN] ApiManager:304 - Cannot register API 'Board Part:M24' from pack STMicroelectronics.X-CUBE-EEPRMA1.4.2.0: no header file found
2023-12-06 21:28:23,594 [WARN] ApiManager:304 - Cannot register API 'Board Part:M95' from pack STMicroelectronics.X-CUBE-EEPRMA1.4.2.0: no header file found
2023-12-06 21:28:23,594 [WARN] ApiManager:304 - Cannot register API 'Board Part:M95P32' from pack STMicroelectronics.X-CUBE-EEPRMA1.4.2.0: no header file found
2023-12-06 21:28:23,594 [WARN] ApiManager:304 - Cannot register API 'PGEEZ1:SPI' from pack STMicroelectronics.X-CUBE-EEPRMA1.4.2.0: no header file found
2023-12-06 21:28:23,594 [WARN] ApiManager:304 - Cannot register API 'PGEEZ1:QDSPI' from pack STMicroelectronics.X-CUBE-EEPRMA1.4.2.0: no header file found
2023-12-06 21:28:23,595 [INFO] RtosManager:484 - Registered RTOS mode: class=CMSIS, group=RTOS, mode=CMSIS_V1, owner=FREERTOS
2023-12-06 21:28:23,595 [INFO] RtosManager:484 - Registered RTOS mode: class=CMSIS, group=RTOS2, mode=CMSIS_V2, owner=FREERTOS
2023-12-06 21:28:23,596 [INFO] RtosManager:484 - Registered RTOS mode: class=RTOS, group=Core, mode=CMSIS_V1, owner=FREERTOS
2023-12-06 21:28:23,596 [INFO] RtosManager:484 - Registered RTOS mode: class=RTOS, group=Core, mode=CMSIS_V2, owner=FREERTOS
2023-12-06 21:28:23,596 [WARN] ModelIntegratedComponent:181 - Missing modes for component STMicroelectronics:FreeRTOS:0.0.1:STMicroelectronics:RTOS:FreeRTOS:Core:::10.2.0:
2023-12-06 21:28:23,598 [WARN] ApiManager:304 - Cannot register API 'Board Extension:NFC04A1' from pack STMicroelectronics.X-CUBE-NFC4.3.0.0: no header file found
2023-12-06 21:28:23,600 [WARN] ApiManager:304 - Cannot register API 'Board Extension:S2868A1' from pack STMicroelectronics.X-CUBE-SUBG2.5.0.0: no header file found
2023-12-06 21:28:23,600 [WARN] ApiManager:304 - Cannot register API 'Board Extension:S2868A2' from pack STMicroelectronics.X-CUBE-SUBG2.5.0.0: no header file found
2023-12-06 21:28:23,600 [WARN] ApiManager:304 - Cannot register API 'Board Extension:S2915A1' from pack STMicroelectronics.X-CUBE-SUBG2.5.0.0: no header file found
2023-12-06 21:28:23,603 [WARN] ApiManager:304 - Cannot register API 'Wireless:BlueNRG-MS' from pack STMicroelectronics.X-CUBE-BLE1.7.0.0: no header file found
2023-12-06 21:28:23,605 [WARN] ModelIntegratedComponent:60 - No mode defined for component null
2023-12-06 21:28:23,605 [WARN] ModelIntegratedComponent:60 - No mode defined for component null
2023-12-06 21:28:23,605 [WARN] ModelIntegratedComponent:60 - No mode defined for component null
2023-12-06 21:28:23,605 [WARN] ModelIntegratedComponent:60 - No mode defined for component null
2023-12-06 21:28:23,606 [WARN] ModelIntegratedComponent:60 - No mode defined for component null
2023-12-06 21:28:23,606 [WARN] ModelIntegratedComponent:60 - No mode defined for component null
2023-12-06 21:28:23,606 [WARN] ModelIntegratedComponent:60 - No mode defined for component null
2023-12-06 21:28:23,606 [WARN] ModelIntegratedComponent:60 - No mode defined for component null
2023-12-06 21:28:23,606 [WARN] ModelIntegratedComponent:60 - No mode defined for component null
2023-12-06 21:28:23,606 [WARN] ModelIntegratedComponent:60 - No mode defined for component null
2023-12-06 21:28:23,606 [WARN] ModelIntegratedComponent:60 - No mode defined for component null
2023-12-06 21:28:23,606 [WARN] ModelIntegratedComponent:60 - No mode defined for component null
2023-12-06 21:28:23,606 [WARN] ModelIntegratedComponent:60 - No mode defined for component null
2023-12-06 21:28:23,606 [WARN] ModelIntegratedComponent:60 - No mode defined for component null
2023-12-06 21:28:23,606 [WARN] ModelIntegratedComponent:60 - No mode defined for component null
2023-12-06 21:28:23,606 [WARN] ModelIntegratedComponent:60 - No mode defined for component null
2023-12-06 21:28:23,606 [WARN] ModelIntegratedComponent:60 - No mode defined for component null
2023-12-06 21:28:23,606 [WARN] ModelIntegratedComponent:60 - No mode defined for component null
2023-12-06 21:28:23,607 [WARN] ModelIntegratedComponent:60 - No mode defined for component null
2023-12-06 21:28:23,607 [WARN] ModelIntegratedComponent:60 - No mode defined for component null
2023-12-06 21:28:23,607 [WARN] ModelIntegratedComponent:60 - No mode defined for component null
2023-12-06 21:28:23,607 [WARN] ModelIntegratedComponent:60 - No mode defined for component null
2023-12-06 21:28:23,607 [WARN] ModelIntegratedComponent:60 - No mode defined for component null
2023-12-06 21:28:23,607 [WARN] ModelIntegratedComponent:60 - No mode defined for component null
2023-12-06 21:28:23,607 [WARN] ModelIntegratedComponent:60 - No mode defined for component null
2023-12-06 21:28:23,607 [WARN] ModelIntegratedComponent:60 - No mode defined for component null
2023-12-06 21:28:23,607 [WARN] ModelIntegratedComponent:60 - No mode defined for component null
2023-12-06 21:28:23,607 [WARN] ModelIntegratedComponent:60 - No mode defined for component null
2023-12-06 21:28:23,607 [WARN] ModelIntegratedComponent:60 - No mode defined for component null
2023-12-06 21:28:23,607 [WARN] ModelIntegratedComponent:60 - No mode defined for component null
2023-12-06 21:28:23,607 [WARN] ModelIntegratedComponent:60 - No mode defined for component null
2023-12-06 21:28:23,760 [WARN] ApiManager:304 - Cannot register API 'Board Extension:IKS01A3' from pack STMicroelectronics.X-CUBE-MEMS1.10.0.0: no header file found
2023-12-06 21:28:23,760 [WARN] ApiManager:304 - Cannot register API 'Board Extension:IKS02A1' from pack STMicroelectronics.X-CUBE-MEMS1.10.0.0: no header file found
2023-12-06 21:28:23,760 [WARN] ApiManager:304 - Cannot register API 'Board Extension:IKS4A1' from pack STMicroelectronics.X-CUBE-MEMS1.10.0.0: no header file found
2023-12-06 21:28:23,766 [WARN] ApiManager:304 - Cannot register API 'Board Extension:NFC07A1' from pack STMicroelectronics.X-CUBE-NFC7.1.0.1: no header file found
2023-12-06 21:28:23,766 [WARN] ApiManager:304 - Cannot register API 'Board Extension:NFC06A1' from pack STMicroelectronics.X-CUBE-NFC6.3.0.0: no header file found
2023-12-06 21:28:23,766 [WARN] ApiManager:304 - Cannot register API 'Board Extension:NFC08A1' from pack STMicroelectronics.X-CUBE-NFC6.3.0.0: no header file found
2023-12-06 21:28:23,767 [WARN] ApiManager:304 - Cannot register API 'Board Extension:EEPRMA1' from pack STMicroelectronics.X-CUBE-EEPRMA1.4.1.0: no header file found
2023-12-06 21:28:23,767 [WARN] ApiManager:304 - Cannot register API 'Board Extension:EEPRMA2' from pack STMicroelectronics.X-CUBE-EEPRMA1.4.1.0: no header file found
2023-12-06 21:28:23,767 [WARN] ApiManager:304 - Cannot register API 'Board Extension:PGEEZ1' from pack STMicroelectronics.X-CUBE-EEPRMA1.4.1.0: no header file found
2023-12-06 21:28:23,767 [WARN] ApiManager:304 - Cannot register API 'Board Part:M24' from pack STMicroelectronics.X-CUBE-EEPRMA1.4.1.0: no header file found
2023-12-06 21:28:23,767 [WARN] ApiManager:304 - Cannot register API 'Board Part:M95' from pack STMicroelectronics.X-CUBE-EEPRMA1.4.1.0: no header file found
2023-12-06 21:28:23,767 [WARN] ApiManager:304 - Cannot register API 'Board Part:M95P32' from pack STMicroelectronics.X-CUBE-EEPRMA1.4.1.0: no header file found
2023-12-06 21:28:23,768 [WARN] ApiManager:304 - Cannot register API 'PGEEZ1:SPI' from pack STMicroelectronics.X-CUBE-EEPRMA1.4.1.0: no header file found
2023-12-06 21:28:23,768 [WARN] ApiManager:304 - Cannot register API 'PGEEZ1:QDSPI' from pack STMicroelectronics.X-CUBE-EEPRMA1.4.1.0: no header file found
2023-12-06 21:28:23,774 [WARN] ApiManager:304 - Cannot register API 'Board Extension:S2868A1' from pack STMicroelectronics.X-CUBE-SFXS2LP1.4.0.0: no header file found
2023-12-06 21:28:23,774 [WARN] ApiManager:304 - Cannot register API 'Board Extension:S2868A2' from pack STMicroelectronics.X-CUBE-SFXS2LP1.4.0.0: no header file found
2023-12-06 21:28:23,774 [WARN] ApiManager:304 - Cannot register API 'Board Extension:S2915A1' from pack STMicroelectronics.X-CUBE-SFXS2LP1.4.0.0: no header file found
2023-12-06 21:28:23,775 [WARN] ApiManager:304 - Cannot register API 'Wireless:BlueNRG-2' from pack STMicroelectronics.X-CUBE-BLE2.3.3.0: no header file found
2023-12-06 21:28:26,495 [INFO] UtilMem:74 - End LoadConfig() Used Memory: 791186760 Bytes (1055916032)
2023-12-06 21:28:26,502 [WARN] ThirdParty:779 - waiting for thirdparty lock release [change project]
2023-12-06 21:28:26,502 [INFO] ThirdParty:781 - entering critical section [change project]
2023-12-06 21:28:26,502 [INFO] ThirdParty:967 - CMSIS Pack Vendor :STMicroelectronics X-CUBE-ISPU 1.1.0
2023-12-06 21:28:26,502 [INFO] ThirdParty:967 - CMSIS Pack Vendor :STMicroelectronics X-CUBE-GNSS1 6.0.0
2023-12-06 21:28:26,502 [INFO] ThirdParty:967 - CMSIS Pack Vendor :STMicroelectronics USB_HOST 2.0.0
2023-12-06 21:28:26,502 [INFO] ThirdParty:967 - CMSIS Pack Vendor :STMicroelectronics X-CUBE-AZRTOS-F4 1.1.0
2023-12-06 21:28:26,503 [INFO] ThirdParty:967 - CMSIS Pack Vendor :wolfSSL I-CUBE-wolfSSL 5.6.3
2023-12-06 21:28:26,503 [INFO] ThirdParty:967 - CMSIS Pack Vendor :STMicroelectronics USB_DEVICE 3.0.0
2023-12-06 21:28:26,503 [INFO] ThirdParty:967 - CMSIS Pack Vendor :STMicroelectronics X-CUBE-AZRTOS-WB 2.0.0
2023-12-06 21:28:26,503 [INFO] ThirdParty:967 - CMSIS Pack Vendor :STMicroelectronics X-CUBE-AZRTOS-F7 1.1.0
2023-12-06 21:28:26,503 [INFO] ThirdParty:967 - CMSIS Pack Vendor :STMicroelectronics X-CUBE-AZRTOS-L5 2.0.0
2023-12-06 21:28:26,503 [INFO] ThirdParty:967 - CMSIS Pack Vendor :STMicroelectronics USB_DEVICE 2.0.0
2023-12-06 21:28:26,503 [INFO] ThirdParty:967 - CMSIS Pack Vendor :STMicroelectronics X-CUBE-MEMS1 9.6.0
2023-12-06 21:28:26,503 [INFO] ThirdParty:967 - CMSIS Pack Vendor :STMicroelectronics X-CUBE-EEPRMA1 4.2.0
2023-12-06 21:28:26,503 [INFO] ThirdParty:967 - CMSIS Pack Vendor :STMicroelectronics X-CUBE-ALGOBUILD 1.3.0
2023-12-06 21:28:26,503 [INFO] ThirdParty:967 - CMSIS Pack Vendor :STMicroelectronics FreeRTOS 0.0.1
2023-12-06 21:28:26,503 [INFO] ThirdParty:967 - CMSIS Pack Vendor :STMicroelectronics X-CUBE-AZRTOS-G0 1.1.0
2023-12-06 21:28:26,503 [INFO] ThirdParty:967 - CMSIS Pack Vendor :STMicroelectronics X-CUBE-BLEMGR 2.0.0
2023-12-06 21:28:26,503 [INFO] ThirdParty:967 - CMSIS Pack Vendor :STMicroelectronics X-CUBE-NFC4 3.0.0
2023-12-06 21:28:26,503 [INFO] ThirdParty:967 - CMSIS Pack Vendor :STMicroelectronics X-CUBE-SUBG2 5.0.0
2023-12-06 21:28:26,503 [INFO] ThirdParty:967 - CMSIS Pack Vendor :STMicroelectronics lwIP 2.0.3
2023-12-06 21:28:26,503 [INFO] ThirdParty:967 - CMSIS Pack Vendor :STMicroelectronics USB_HOST 1.0.0
2023-12-06 21:28:26,503 [INFO] ThirdParty:967 - CMSIS Pack Vendor :STMicroelectronics X-CUBE-AZRTOS-G4 2.0.0
2023-12-06 21:28:26,503 [INFO] ThirdParty:967 - CMSIS Pack Vendor :STMicroelectronics PDM2PCM 3.1.0
2023-12-06 21:28:26,504 [INFO] ThirdParty:967 - CMSIS Pack Vendor :STMicroelectronics X-CUBE-AZRTOS-H7 3.1.0
2023-12-06 21:28:26,504 [INFO] ThirdParty:967 - CMSIS Pack Vendor :STMicroelectronics PDM2PCM 3.3.0
2023-12-06 21:28:26,504 [INFO] ThirdParty:967 - CMSIS Pack Vendor :STMicroelectronics X-CUBE-BLE1 7.0.0
2023-12-06 21:28:26,504 [INFO] ThirdParty:967 - CMSIS Pack Vendor :STMicroelectronics FP-ATR-SIGFOX1 3.2.0
2023-12-06 21:28:26,504 [INFO] ThirdParty:967 - CMSIS Pack Vendor :STMicroelectronics X-CUBE-ISPU 2.0.0
2023-12-06 21:28:26,504 [INFO] ThirdParty:967 - CMSIS Pack Vendor :STMicroelectronics HAL Drivers 0.0.0
2023-12-06 21:28:26,504 [INFO] ThirdParty:967 - CMSIS Pack Vendor :STMicroelectronics MBEDTLS 2.16.2
2023-12-06 21:28:26,504 [INFO] ThirdParty:967 - CMSIS Pack Vendor :STMicroelectronics X-CUBE-MEMS1 10.0.0
2023-12-06 21:28:26,504 [INFO] ThirdParty:967 - CMSIS Pack Vendor :STMicroelectronics X-CUBE-TOUCHGFX 4.22.0
2023-12-06 21:28:26,504 [INFO] ThirdParty:967 - CMSIS Pack Vendor :STMicroelectronics X-CUBE-NFC7 1.0.1
2023-12-06 21:28:26,504 [INFO] ThirdParty:967 - CMSIS Pack Vendor :STMicroelectronics MBEDTLS 2.14.1
2023-12-06 21:28:26,504 [INFO] ThirdParty:967 - CMSIS Pack Vendor :STMicroelectronics X-CUBE-TOUCHGFX 4.22.1
2023-12-06 21:28:26,504 [INFO] ThirdParty:967 - CMSIS Pack Vendor :STMicroelectronics X-CUBE-NFC6 3.0.0
2023-12-06 21:28:26,504 [INFO] ThirdParty:967 - CMSIS Pack Vendor :STMicroelectronics X-CUBE-EEPRMA1 4.1.0
2023-12-06 21:28:26,504 [INFO] ThirdParty:967 - CMSIS Pack Vendor :portGmbH I-Cube-SoM-uGOAL 1.1.0
2023-12-06 21:28:26,504 [INFO] ThirdParty:967 - CMSIS Pack Vendor :STMicroelectronics X-CUBE-ALS 1.0.1
2023-12-06 21:28:26,504 [INFO] ThirdParty:967 - CMSIS Pack Vendor :STMicroelectronics X-CUBE-AZRTOS-WL 2.0.0
2023-12-06 21:28:26,504 [INFO] ThirdParty:967 - CMSIS Pack Vendor :SEGGER I-CUBE-embOS 1.3.1
2023-12-06 21:28:26,504 [INFO] ThirdParty:967 - CMSIS Pack Vendor :STMicroelectronics USB_DEVICE 1.0.0
2023-12-06 21:28:26,505 [INFO] ThirdParty:967 - CMSIS Pack Vendor :STMicroelectronics X-CUBE-AI 8.1.0
2023-12-06 21:28:26,505 [INFO] ThirdParty:967 - CMSIS Pack Vendor :STMicroelectronics X-CUBE-AZRTOS-L4 2.0.0
2023-12-06 21:28:26,505 [INFO] ThirdParty:967 - CMSIS Pack Vendor :STMicroelectronics ThreadX 0.0.2
2023-12-06 21:28:26,505 [INFO] ThirdParty:967 - CMSIS Pack Vendor :WES I-CUBE-Cesium 1.3.0
2023-12-06 21:28:26,505 [INFO] ThirdParty:967 - CMSIS Pack Vendor :STMicroelectronics FP-ATR-ASTRA1 2.0.0
2023-12-06 21:28:26,505 [INFO] ThirdParty:967 - CMSIS Pack Vendor :STMicroelectronics lwIP 2.1.2
2023-12-06 21:28:26,505 [INFO] ThirdParty:967 - CMSIS Pack Vendor :STMicroelectronics X-CUBE-SFXS2LP1 4.0.0
2023-12-06 21:28:26,505 [INFO] ThirdParty:967 - CMSIS Pack Vendor :STMicroelectronics X-CUBE-BLE2 3.3.0
2023-12-06 21:28:26,505 [INFO] ThirdParty:967 - CMSIS Pack Vendor :STMicroelectronics X-CUBE-AZRTOS-H7 3.2.0
2023-12-06 21:28:26,505 [INFO] ThirdParty:967 - CMSIS Pack Vendor :STMicroelectronics PDM2PCM 3.2.0
2023-12-06 21:28:26,505 [INFO] ThirdParty:787 - exiting critical section [change project]
2023-12-06 21:28:26,734 [INFO] PinOutPanel:1463 - setPackage(No Configuration,No Configuration)
2023-12-06 21:28:26,735 [INFO] PinOutPanel:1463 - setPackage(STM32F103RBTx,LQFP64)
2023-12-06 21:28:27,103 [INFO] UtilMem:74 - Before build in PCC Used Memory: 753941312 Bytes (1055916032)
2023-12-06 21:28:27,623 [INFO] UtilMem:74 - After build in PCC Used Memory: 833639256 Bytes (1055916032)
2023-12-06 21:28:27,642 [INFO] IPUIPlugin:74 - create IPUIPlugin
2023-12-06 21:28:27,642 [INFO] IPUIPlugin:74 - create IPUIPlugin
2023-12-06 21:28:27,642 [INFO] IPUIPlugin:74 - create IPUIPlugin
2023-12-06 21:28:27,643 [INFO] IPUIPlugin:74 - create IPUIPlugin
2023-12-06 21:28:27,643 [INFO] IPUIPlugin:74 - create IPUIPlugin
2023-12-06 21:28:27,643 [INFO] IPUIPlugin:74 - create IPUIPlugin
2023-12-06 21:28:27,643 [INFO] IPUIPlugin:74 - create IPUIPlugin
2023-12-06 21:28:27,643 [INFO] IPUIPlugin:74 - create IPUIPlugin
2023-12-06 21:28:27,643 [INFO] IPUIPlugin:74 - create IPUIPlugin
2023-12-06 21:28:27,643 [INFO] IPUIPlugin:74 - create IPUIPlugin
2023-12-06 21:28:27,644 [INFO] IPUIPlugin:74 - create IPUIPlugin
2023-12-06 21:28:27,644 [INFO] IPUIPlugin:74 - create IPUIPlugin
2023-12-06 21:28:27,644 [INFO] IPUIPlugin:74 - create IPUIPlugin
2023-12-06 21:28:27,644 [INFO] IPUIPlugin:74 - create IPUIPlugin
2023-12-06 21:28:27,644 [INFO] IPUIPlugin:74 - create IPUIPlugin
2023-12-06 21:28:27,645 [INFO] IPUIPlugin:74 - create IPUIPlugin
2023-12-06 21:28:27,645 [INFO] IPUIPlugin:74 - create IPUIPlugin
2023-12-06 21:28:27,645 [INFO] IPUIPlugin:74 - create IPUIPlugin
2023-12-06 21:28:27,645 [INFO] IPUIPlugin:74 - create IPUIPlugin
2023-12-06 21:28:27,646 [INFO] IPUIPlugin:74 - create IPUIPlugin
2023-12-06 21:28:27,646 [INFO] IPUIPlugin:74 - create IPUIPlugin
2023-12-06 21:28:27,646 [INFO] IPUIPlugin:74 - create IPUIPlugin
2023-12-06 21:28:27,646 [INFO] IPUIPlugin:74 - create IPUIPlugin
2023-12-06 21:28:27,647 [INFO] IPUIPlugin:74 - create IPUIPlugin
2023-12-06 21:28:27,647 [INFO] IPUIPlugin:74 - create IPUIPlugin
2023-12-06 21:28:27,647 [INFO] IPUIPlugin:74 - create IPUIPlugin
2023-12-06 21:28:27,648 [INFO] IPUIPlugin:74 - create IPUIPlugin
2023-12-06 21:28:27,760 [INFO] OpenFileManager:333 - Restore cursor
2023-12-06 21:28:27,990 [INFO] UtilMem:74 - End SaveConfig() Used Memory: 909130560 Bytes (1055916032)
2023-12-06 21:28:28,052 [INFO] UtilMem:74 - End SaveConfig() Used Memory: 924859200 Bytes (1055916032)
2023-12-06 21:28:28,365 [INFO] BlockDiagram:2740 - set Specific Code input for plugin: NVIC
2023-12-06 21:28:28,365 [INFO] BlockDiagram:2740 - set Specific Code input for plugin: SYS
2023-12-06 21:28:28,365 [INFO] BlockDiagram:2740 - set Specific Code input for plugin: RCC
2023-12-06 21:28:28,366 [INFO] CodeGenerator:663 - code generatio: config db path: C:\ST\STM32CubeIDE_1.7.0\STM32CubeIDE\plugins\com.st.stm32cube.common.mx_6.3.0.202107141111\\db\
2023-12-06 21:28:28,648 [INFO] CodeEngine:239 - oldGeneratedFile, C:\00_Disk_D\00_HCMUT\Subject\231\MCU\Lab\Assignment\Assignment\MXTmpFiles\license.tmp_save
2023-12-06 21:28:29,108 [INFO] CodeEngine:257 - Generated code: C:\00_Disk_D\00_HCMUT\Subject\231\MCU\Lab\Assignment\Assignment\MXTmpFiles\license.tmp
2023-12-06 21:28:29,264 [INFO] CodeEngine:239 - oldGeneratedFile, C:\00_Disk_D\00_HCMUT\Subject\231\MCU\Lab\Assignment\Assignment\Core\Src\stm32f1xx_it.c_save
2023-12-06 21:28:29,477 [INFO] CodeEngine:257 - Generated code: C:\00_Disk_D\00_HCMUT\Subject\231\MCU\Lab\Assignment\Assignment\Core\Src\stm32f1xx_it.c
2023-12-06 21:28:29,492 [INFO] CodeEngine:239 - oldGeneratedFile, C:\00_Disk_D\00_HCMUT\Subject\231\MCU\Lab\Assignment\Assignment\Core\Inc\stm32f1xx_it.h_save
2023-12-06 21:28:29,627 [INFO] CodeEngine:257 - Generated code: C:\00_Disk_D\00_HCMUT\Subject\231\MCU\Lab\Assignment\Assignment\Core\Inc\stm32f1xx_it.h
2023-12-06 21:28:29,651 [INFO] CodeEngine:239 - oldGeneratedFile, C:\00_Disk_D\00_HCMUT\Subject\231\MCU\Lab\Assignment\Assignment\Core\Src\stm32f1xx_hal_msp.c_save
2023-12-06 21:28:29,758 [INFO] CodeEngine:257 - Generated code: C:\00_Disk_D\00_HCMUT\Subject\231\MCU\Lab\Assignment\Assignment\Core\Src\stm32f1xx_hal_msp.c
2023-12-06 21:28:29,768 [INFO] CodeEngine:239 - oldGeneratedFile, C:\00_Disk_D\00_HCMUT\Subject\231\MCU\Lab\Assignment\Assignment\MXTmpFiles\system.tmp_save
2023-12-06 21:28:29,824 [INFO] CodeEngine:257 - Generated code: C:\00_Disk_D\00_HCMUT\Subject\231\MCU\Lab\Assignment\Assignment\MXTmpFiles\system.tmp
2023-12-06 21:28:29,839 [INFO] CodeEngine:239 - oldGeneratedFile, C:\00_Disk_D\00_HCMUT\Subject\231\MCU\Lab\Assignment\Assignment\Core\Inc\stm32f1xx_hal_conf.h_save
2023-12-06 21:28:29,936 [INFO] CodeEngine:257 - Generated code: C:\00_Disk_D\00_HCMUT\Subject\231\MCU\Lab\Assignment\Assignment\Core\Inc\stm32f1xx_hal_conf.h
2023-12-06 21:28:29,991 [INFO] CodeEngine:239 - oldGeneratedFile, C:\00_Disk_D\00_HCMUT\Subject\231\MCU\Lab\Assignment\Assignment\Core\Inc\main.h_save
2023-12-06 21:28:30,091 [INFO] CodeEngine:257 - Generated code: C:\00_Disk_D\00_HCMUT\Subject\231\MCU\Lab\Assignment\Assignment\Core\Inc\main.h
2023-12-06 21:28:30,102 [INFO] CodeEngine:239 - oldGeneratedFile, C:\00_Disk_D\00_HCMUT\Subject\231\MCU\Lab\Assignment\Assignment\Core\Src\main.c_save
2023-12-06 21:28:30,234 [INFO] CodeEngine:257 - Generated code: C:\00_Disk_D\00_HCMUT\Subject\231\MCU\Lab\Assignment\Assignment\Core\Src\main.c
2023-12-06 21:28:31,112 [INFO] ProjectBuilder:2578 - Time for Copy HAL[1] : 101mS.
2023-12-06 21:28:31,118 [INFO] ProjectBuilder:3622 - Project Generator version: 3.14.1
2023-12-06 21:28:31,674 [INFO] ConfigFileManager:1271 - The Die is : DIE410
2023-12-06 21:28:31,706 [INFO] ApiDbMcu:468 - Load IP Config File for FATFS
2023-12-06 21:28:31,744 [INFO] ApiDbMcu:468 - Load IP Config File for FREERTOS
2023-12-06 21:28:31,784 [INFO] ApiDbMcu:468 - Load IP Config File for USB_DEVICE
2023-12-06 21:28:37,278 [INFO] ProjectBuilder:3789 - Time for Generating toolchain IDE Files: 6160mS.
2023-12-06 21:28:37,279 [INFO] ProjectBuilder:2457 - Time for Copy CMSIS : 1mS.
2023-12-06 21:28:37,281 [INFO] ProjectBuilder:2457 - Time for Copy CMSIS : 0mS.
2023-12-06 21:28:38,859 [INFO] McuFinderGlobals:52 - Set McuFinderConnectedMode to true
2023-12-06 21:28:38,861 [INFO] ApiDb:276 - Save user favorites file C:\Users\Le HUy/.stm32cubeide/favorites.mcus.txt: 0 item(s)
2023-12-06 21:28:38,861 [INFO] ApiDb:280 - User favorites MCUs=[]
